{"/Users/luca/Workspace/laputa-app/src/App.tsx": {"path":"/Users/luca/Workspace/laputa-app/src/App.tsx","statementMap":{"0":{"start":{"line":27,"column":44},"end":{"line":27,"column":null}},"1":{"start":{"line":31,"column":6},"end":{"line":38,"column":null}},"2":{"start":{"line":40,"column":28},"end":{"line":44,"column":null}},"3":{"start":{"line":47,"column":32},"end":{"line":47,"column":null}},"4":{"start":{"line":48,"column":38},"end":{"line":48,"column":null}},"5":{"start":{"line":49,"column":40},"end":{"line":49,"column":null}},"6":{"start":{"line":50,"column":42},"end":{"line":50,"column":null}},"7":{"start":{"line":51,"column":50},"end":{"line":51,"column":null}},"8":{"start":{"line":52,"column":34},"end":{"line":52,"column":null}},"9":{"start":{"line":53,"column":46},"end":{"line":53,"column":null}},"10":{"start":{"line":54,"column":56},"end":{"line":54,"column":null}},"11":{"start":{"line":55,"column":54},"end":{"line":55,"column":null}},"12":{"start":{"line":56,"column":40},"end":{"line":56,"column":null}},"13":{"start":{"line":57,"column":46},"end":{"line":57,"column":null}},"14":{"start":{"line":58,"column":38},"end":{"line":58,"column":null}},"15":{"start":{"line":59,"column":32},"end":{"line":59,"column":null}},"16":{"start":{"line":60,"column":34},"end":{"line":60,"column":null}},"17":{"start":{"line":62,"column":8},"end":{"line":62,"column":null}},"18":{"start":{"line":63,"column":8},"end":{"line":63,"column":null}},"19":{"start":{"line":66,"column":8},"end":{"line":72,"column":null}},"20":{"start":{"line":67,"column":10},"end":{"line":70,"column":null}},"21":{"start":{"line":68,"column":21},"end":{"line":68,"column":74}},"22":{"start":{"line":69,"column":18},"end":{"line":69,"column":25}},"23":{"start":{"line":75,"column":8},"end":{"line":80,"column":null}},"24":{"start":{"line":76,"column":4},"end":{"line":76,"column":null}},"25":{"start":{"line":77,"column":4},"end":{"line":77,"column":null}},"26":{"start":{"line":78,"column":4},"end":{"line":78,"column":null}},"27":{"start":{"line":79,"column":4},"end":{"line":79,"column":null}},"28":{"start":{"line":83,"column":2},"end":{"line":89,"column":null}},"29":{"start":{"line":84,"column":4},"end":{"line":87,"column":null}},"30":{"start":{"line":85,"column":6},"end":{"line":85,"column":null}},"31":{"start":{"line":86,"column":6},"end":{"line":86,"column":null}},"32":{"start":{"line":88,"column":4},"end":{"line":88,"column":null}},"33":{"start":{"line":91,"column":8},"end":{"line":94,"column":null}},"34":{"start":{"line":92,"column":4},"end":{"line":92,"column":null}},"35":{"start":{"line":93,"column":4},"end":{"line":93,"column":null}},"36":{"start":{"line":96,"column":8},"end":{"line":98,"column":null}},"37":{"start":{"line":97,"column":4},"end":{"line":97,"column":null}},"38":{"start":{"line":100,"column":8},"end":{"line":103,"column":null}},"39":{"start":{"line":101,"column":4},"end":{"line":101,"column":null}},"40":{"start":{"line":102,"column":4},"end":{"line":102,"column":null}},"41":{"start":{"line":105,"column":8},"end":{"line":113,"column":null}},"42":{"start":{"line":106,"column":22},"end":{"line":106,"column":null}},"43":{"start":{"line":106,"column":48},"end":{"line":106,"column":88}},"44":{"start":{"line":107,"column":4},"end":{"line":107,"column":null}},"45":{"start":{"line":107,"column":20},"end":{"line":107,"column":null}},"46":{"start":{"line":109,"column":4},"end":{"line":109,"column":null}},"47":{"start":{"line":110,"column":4},"end":{"line":110,"column":null}},"48":{"start":{"line":112,"column":4},"end":{"line":112,"column":null}},"49":{"start":{"line":115,"column":8},"end":{"line":121,"column":null}},"50":{"start":{"line":116,"column":10},"end":{"line":116,"column":null}},"51":{"start":{"line":117,"column":4},"end":{"line":117,"column":null}},"52":{"start":{"line":118,"column":4},"end":{"line":118,"column":null}},"53":{"start":{"line":119,"column":4},"end":{"line":119,"column":null}},"54":{"start":{"line":120,"column":4},"end":{"line":120,"column":null}},"55":{"start":{"line":123,"column":8},"end":{"line":128,"column":null}},"56":{"start":{"line":124,"column":4},"end":{"line":124,"column":null}},"57":{"start":{"line":125,"column":4},"end":{"line":125,"column":null}},"58":{"start":{"line":126,"column":4},"end":{"line":126,"column":null}},"59":{"start":{"line":127,"column":4},"end":{"line":127,"column":null}},"60":{"start":{"line":130,"column":8},"end":{"line":134,"column":null}},"61":{"start":{"line":131,"column":4},"end":{"line":131,"column":null}},"62":{"start":{"line":132,"column":4},"end":{"line":132,"column":null}},"63":{"start":{"line":133,"column":4},"end":{"line":133,"column":null}},"64":{"start":{"line":136,"column":8},"end":{"line":140,"column":null}},"65":{"start":{"line":137,"column":4},"end":{"line":137,"column":null}},"66":{"start":{"line":138,"column":4},"end":{"line":138,"column":null}},"67":{"start":{"line":139,"column":4},"end":{"line":139,"column":null}},"68":{"start":{"line":142,"column":8},"end":{"line":149,"column":null}},"69":{"start":{"line":143,"column":4},"end":{"line":148,"column":null}},"70":{"start":{"line":144,"column":24},"end":{"line":144,"column":null}},"71":{"start":{"line":144,"column":50},"end":{"line":144,"column":90}},"72":{"start":{"line":145,"column":6},"end":{"line":145,"column":null}},"73":{"start":{"line":145,"column":22},"end":{"line":145,"column":null}},"74":{"start":{"line":146,"column":6},"end":{"line":146,"column":null}},"75":{"start":{"line":147,"column":6},"end":{"line":147,"column":null}},"76":{"start":{"line":151,"column":2},"end":{"line":159,"column":null}},"77":{"start":{"line":152,"column":23},"end":{"line":152,"column":null}},"78":{"start":{"line":154,"column":18},"end":{"line":154,"column":null}},"79":{"start":{"line":161,"column":2},"end":{"line":170,"column":null}},"80":{"start":{"line":172,"column":8},"end":{"line":174,"column":null}},"81":{"start":{"line":173,"column":4},"end":{"line":173,"column":null}},"82":{"start":{"line":173,"column":27},"end":{"line":173,"column":66}},"83":{"start":{"line":176,"column":8},"end":{"line":178,"column":null}},"84":{"start":{"line":177,"column":4},"end":{"line":177,"column":null}},"85":{"start":{"line":177,"column":28},"end":{"line":177,"column":67}},"86":{"start":{"line":180,"column":8},"end":{"line":182,"column":null}},"87":{"start":{"line":181,"column":4},"end":{"line":181,"column":null}},"88":{"start":{"line":181,"column":29},"end":{"line":181,"column":68}},"89":{"start":{"line":184,"column":8},"end":{"line":194,"column":null}},"90":{"start":{"line":185,"column":4},"end":{"line":185,"column":null}},"91":{"start":{"line":186,"column":4},"end":{"line":193,"column":null}},"92":{"start":{"line":187,"column":21},"end":{"line":187,"column":null}},"93":{"start":{"line":188,"column":6},"end":{"line":188,"column":null}},"94":{"start":{"line":189,"column":6},"end":{"line":189,"column":null}},"95":{"start":{"line":191,"column":6},"end":{"line":191,"column":null}},"96":{"start":{"line":192,"column":6},"end":{"line":192,"column":null}},"97":{"start":{"line":196,"column":20},"end":{"line":196,"column":null}},"98":{"start":{"line":196,"column":43},"end":{"line":196,"column":79}},"99":{"start":{"line":198,"column":2},"end":{"line":269,"column":null}},"100":{"start":{"line":202,"column":341},"end":{"line":202,"column":368}},"101":{"start":{"line":223,"column":37},"end":{"line":223,"column":null}},"102":{"start":{"line":223,"column":66},"end":{"line":223,"column":68}},"103":{"start":{"line":234,"column":34},"end":{"line":234,"column":null}},"104":{"start":{"line":234,"column":53},"end":{"line":234,"column":55}},"105":{"start":{"line":244,"column":53},"end":{"line":244,"column":76}},"106":{"start":{"line":249,"column":23},"end":{"line":249,"column":null}},"107":{"start":{"line":253,"column":23},"end":{"line":253,"column":null}},"108":{"start":{"line":260,"column":23},"end":{"line":260,"column":null}},"109":{"start":{"line":267,"column":23},"end":{"line":267,"column":null}}},"fnMap":{"0":{"name":"App","decl":{"start":{"line":46,"column":9},"end":{"line":46,"column":15}},"loc":{"start":{"line":46,"column":15},"end":{"line":271,"column":null}},"line":46},"1":{"name":"(anonymous_1)","decl":{"start":{"line":67,"column":4},"end":{"line":67,"column":10}},"loc":{"start":{"line":67,"column":10},"end":{"line":70,"column":null}},"line":67},"2":{"name":"(anonymous_2)","decl":{"start":{"line":68,"column":14},"end":{"line":68,"column":15}},"loc":{"start":{"line":68,"column":21},"end":{"line":68,"column":74}},"line":68},"3":{"name":"(anonymous_3)","decl":{"start":{"line":69,"column":11},"end":{"line":69,"column":12}},"loc":{"start":{"line":69,"column":18},"end":{"line":69,"column":25}},"line":69},"4":{"name":"(anonymous_4)","decl":{"start":{"line":75,"column":40},"end":{"line":75,"column":41}},"loc":{"start":{"line":75,"column":58},"end":{"line":80,"column":5}},"line":75},"5":{"name":"(anonymous_5)","decl":{"start":{"line":83,"column":12},"end":{"line":83,"column":18}},"loc":{"start":{"line":83,"column":18},"end":{"line":89,"column":5}},"line":83},"6":{"name":"(anonymous_6)","decl":{"start":{"line":91,"column":39},"end":{"line":91,"column":40}},"loc":{"start":{"line":91,"column":58},"end":{"line":94,"column":5}},"line":91},"7":{"name":"(anonymous_7)","decl":{"start":{"line":96,"column":43},"end":{"line":96,"column":49}},"loc":{"start":{"line":96,"column":49},"end":{"line":98,"column":5}},"line":96},"8":{"name":"(anonymous_8)","decl":{"start":{"line":100,"column":39},"end":{"line":100,"column":40}},"loc":{"start":{"line":100,"column":57},"end":{"line":103,"column":5}},"line":100},"9":{"name":"(anonymous_9)","decl":{"start":{"line":105,"column":42},"end":{"line":105,"column":43}},"loc":{"start":{"line":105,"column":93},"end":{"line":113,"column":5}},"line":105},"10":{"name":"(anonymous_10)","decl":{"start":{"line":106,"column":41},"end":{"line":106,"column":42}},"loc":{"start":{"line":106,"column":48},"end":{"line":106,"column":88}},"line":106},"11":{"name":"(anonymous_11)","decl":{"start":{"line":115,"column":38},"end":{"line":115,"column":45}},"loc":{"start":{"line":115,"column":62},"end":{"line":121,"column":5}},"line":115},"12":{"name":"(anonymous_12)","decl":{"start":{"line":123,"column":40},"end":{"line":123,"column":47}},"loc":{"start":{"line":123,"column":64},"end":{"line":128,"column":5}},"line":123},"13":{"name":"(anonymous_13)","decl":{"start":{"line":130,"column":40},"end":{"line":130,"column":47}},"loc":{"start":{"line":130,"column":64},"end":{"line":134,"column":5}},"line":130},"14":{"name":"(anonymous_14)","decl":{"start":{"line":136,"column":42},"end":{"line":136,"column":49}},"loc":{"start":{"line":136,"column":66},"end":{"line":140,"column":5}},"line":136},"15":{"name":"(anonymous_15)","decl":{"start":{"line":142,"column":44},"end":{"line":142,"column":45}},"loc":{"start":{"line":142,"column":101},"end":{"line":149,"column":5}},"line":142},"16":{"name":"(anonymous_16)","decl":{"start":{"line":144,"column":43},"end":{"line":144,"column":44}},"loc":{"start":{"line":144,"column":50},"end":{"line":144,"column":90}},"line":144},"17":{"name":"(anonymous_17)","decl":{"start":{"line":152,"column":17},"end":{"line":152,"column":23}},"loc":{"start":{"line":152,"column":23},"end":{"line":152,"column":null}},"line":152},"18":{"name":"(anonymous_18)","decl":{"start":{"line":154,"column":12},"end":{"line":154,"column":18}},"loc":{"start":{"line":154,"column":18},"end":{"line":154,"column":null}},"line":154},"19":{"name":"(anonymous_19)","decl":{"start":{"line":172,"column":42},"end":{"line":172,"column":43}},"loc":{"start":{"line":172,"column":61},"end":{"line":174,"column":5}},"line":172},"20":{"name":"(anonymous_20)","decl":{"start":{"line":173,"column":20},"end":{"line":173,"column":21}},"loc":{"start":{"line":173,"column":27},"end":{"line":173,"column":66}},"line":173},"21":{"name":"(anonymous_21)","decl":{"start":{"line":176,"column":43},"end":{"line":176,"column":44}},"loc":{"start":{"line":176,"column":62},"end":{"line":178,"column":5}},"line":176},"22":{"name":"(anonymous_22)","decl":{"start":{"line":177,"column":21},"end":{"line":177,"column":22}},"loc":{"start":{"line":177,"column":28},"end":{"line":177,"column":67}},"line":177},"23":{"name":"(anonymous_23)","decl":{"start":{"line":180,"column":44},"end":{"line":180,"column":45}},"loc":{"start":{"line":180,"column":63},"end":{"line":182,"column":5}},"line":180},"24":{"name":"(anonymous_24)","decl":{"start":{"line":181,"column":22},"end":{"line":181,"column":23}},"loc":{"start":{"line":181,"column":29},"end":{"line":181,"column":68}},"line":181},"25":{"name":"(anonymous_25)","decl":{"start":{"line":184,"column":39},"end":{"line":184,"column":46}},"loc":{"start":{"line":184,"column":66},"end":{"line":194,"column":5}},"line":184},"26":{"name":"(anonymous_26)","decl":{"start":{"line":196,"column":36},"end":{"line":196,"column":37}},"loc":{"start":{"line":196,"column":43},"end":{"line":196,"column":79}},"line":196},"27":{"name":"(anonymous_27)","decl":{"start":{"line":202,"column":335},"end":{"line":202,"column":341}},"loc":{"start":{"line":202,"column":341},"end":{"line":202,"column":368}},"line":202},"28":{"name":"(anonymous_28)","decl":{"start":{"line":223,"column":31},"end":{"line":223,"column":37}},"loc":{"start":{"line":223,"column":37},"end":{"line":223,"column":null}},"line":223},"29":{"name":"(anonymous_29)","decl":{"start":{"line":223,"column":59},"end":{"line":223,"column":60}},"loc":{"start":{"line":223,"column":66},"end":{"line":223,"column":68}},"line":223},"30":{"name":"(anonymous_30)","decl":{"start":{"line":234,"column":28},"end":{"line":234,"column":34}},"loc":{"start":{"line":234,"column":34},"end":{"line":234,"column":null}},"line":234},"31":{"name":"(anonymous_31)","decl":{"start":{"line":234,"column":48},"end":{"line":234,"column":53}},"loc":{"start":{"line":234,"column":53},"end":{"line":234,"column":55}},"line":234},"32":{"name":"(anonymous_32)","decl":{"start":{"line":244,"column":47},"end":{"line":244,"column":53}},"loc":{"start":{"line":244,"column":53},"end":{"line":244,"column":76}},"line":244},"33":{"name":"(anonymous_33)","decl":{"start":{"line":249,"column":17},"end":{"line":249,"column":23}},"loc":{"start":{"line":249,"column":23},"end":{"line":249,"column":null}},"line":249},"34":{"name":"(anonymous_34)","decl":{"start":{"line":253,"column":17},"end":{"line":253,"column":23}},"loc":{"start":{"line":253,"column":23},"end":{"line":253,"column":null}},"line":253},"35":{"name":"(anonymous_35)","decl":{"start":{"line":260,"column":17},"end":{"line":260,"column":23}},"loc":{"start":{"line":260,"column":23},"end":{"line":260,"column":null}},"line":260},"36":{"name":"(anonymous_36)","decl":{"start":{"line":267,"column":17},"end":{"line":267,"column":23}},"loc":{"start":{"line":267,"column":23},"end":{"line":267,"column":null}},"line":267}},"branchMap":{"0":{"loc":{"start":{"line":31,"column":6},"end":{"line":38,"column":null}},"type":"cond-expr","locations":[{"start":{"line":32,"column":4},"end":{"line":35,"column":null}},{"start":{"line":36,"column":4},"end":{"line":38,"column":null}}],"line":31},"1":{"loc":{"start":{"line":68,"column":21},"end":{"line":68,"column":74}},"type":"binary-expr","locations":[{"start":{"line":68,"column":21},"end":{"line":68,"column":41}},{"start":{"line":68,"column":41},"end":{"line":68,"column":74}}],"line":68},"2":{"loc":{"start":{"line":84,"column":4},"end":{"line":87,"column":null}},"type":"if","locations":[{"start":{"line":84,"column":4},"end":{"line":87,"column":null}},{"start":{},"end":{}}],"line":84},"3":{"loc":{"start":{"line":106,"column":48},"end":{"line":106,"column":88}},"type":"binary-expr","locations":[{"start":{"line":106,"column":48},"end":{"line":106,"column":68}},{"start":{"line":106,"column":68},"end":{"line":106,"column":88}}],"line":106},"4":{"loc":{"start":{"line":107,"column":4},"end":{"line":107,"column":null}},"type":"if","locations":[{"start":{"line":107,"column":4},"end":{"line":107,"column":null}},{"start":{},"end":{}}],"line":107},"5":{"loc":{"start":{"line":144,"column":50},"end":{"line":144,"column":90}},"type":"binary-expr","locations":[{"start":{"line":144,"column":50},"end":{"line":144,"column":70}},{"start":{"line":144,"column":70},"end":{"line":144,"column":90}}],"line":144},"6":{"loc":{"start":{"line":145,"column":6},"end":{"line":145,"column":null}},"type":"if","locations":[{"start":{"line":145,"column":6},"end":{"line":145,"column":null}},{"start":{},"end":{}}],"line":145},"7":{"loc":{"start":{"line":196,"column":20},"end":{"line":196,"column":null}},"type":"binary-expr","locations":[{"start":{"line":196,"column":20},"end":{"line":196,"column":84}},{"start":{"line":196,"column":84},"end":{"line":196,"column":null}}],"line":196},"8":{"loc":{"start":{"line":206,"column":80},"end":{"line":206,"column":106}},"type":"binary-expr","locations":[{"start":{"line":206,"column":80},"end":{"line":206,"column":100}},{"start":{"line":206,"column":100},"end":{"line":206,"column":106}}],"line":206},"9":{"loc":{"start":{"line":226,"column":28},"end":{"line":226,"column":null}},"type":"binary-expr","locations":[{"start":{"line":226,"column":28},"end":{"line":226,"column":48}},{"start":{"line":226,"column":48},"end":{"line":226,"column":null}}],"line":226},"10":{"loc":{"start":{"line":227,"column":30},"end":{"line":227,"column":null}},"type":"binary-expr","locations":[{"start":{"line":227,"column":30},"end":{"line":227,"column":52}},{"start":{"line":227,"column":52},"end":{"line":227,"column":null}}],"line":227}},"s":{"0":1,"1":1,"2":1,"3":22,"4":22,"5":22,"6":22,"7":22,"8":22,"9":22,"10":22,"11":22,"12":22,"13":22,"14":22,"15":22,"16":22,"17":22,"18":22,"19":22,"20":21,"21":14,"22":0,"23":22,"24":0,"25":0,"26":0,"27":0,"28":22,"29":7,"30":7,"31":7,"32":0,"33":22,"34":0,"35":0,"36":22,"37":0,"38":22,"39":0,"40":0,"41":22,"42":0,"43":0,"44":0,"45":0,"46":0,"47":0,"48":0,"49":22,"50":0,"51":0,"52":0,"53":0,"54":0,"55":22,"56":0,"57":0,"58":0,"59":0,"60":22,"61":0,"62":0,"63":0,"64":22,"65":0,"66":0,"67":0,"68":22,"69":0,"70":0,"71":0,"72":0,"73":0,"74":0,"75":0,"76":22,"77":0,"78":1,"79":22,"80":22,"81":0,"82":0,"83":22,"84":0,"85":0,"86":22,"87":0,"88":0,"89":22,"90":0,"91":0,"92":0,"93":0,"94":0,"95":0,"96":0,"97":22,"98":0,"99":22,"100":0,"101":0,"102":0,"103":0,"104":0,"105":0,"106":0,"107":0,"108":0,"109":0},"f":{"0":22,"1":21,"2":14,"3":0,"4":0,"5":7,"6":0,"7":0,"8":0,"9":0,"10":0,"11":0,"12":0,"13":0,"14":0,"15":0,"16":0,"17":0,"18":1,"19":0,"20":0,"21":0,"22":0,"23":0,"24":0,"25":0,"26":0,"27":0,"28":0,"29":0,"30":0,"31":0,"32":0,"33":0,"34":0,"35":0,"36":0},"b":{"0":[0,1],"1":[14,0],"2":[7,0],"3":[0,0],"4":[0,0],"5":[0,0],"6":[0,0],"7":[22,22],"8":[22,22],"9":[22,22],"10":[22,22]},"meta":{"lastBranch":11,"lastFunction":37,"lastStatement":110,"seen":{"s:27:44:27:Infinity":0,"s:31:6:38:Infinity":1,"b:32:4:35:Infinity:36:4:38:Infinity":0,"s:40:28:44:Infinity":2,"f:46:9:46:15":0,"s:47:32:47:Infinity":3,"s:48:38:48:Infinity":4,"s:49:40:49:Infinity":5,"s:50:42:50:Infinity":6,"s:51:50:51:Infinity":7,"s:52:34:52:Infinity":8,"s:53:46:53:Infinity":9,"s:54:56:54:Infinity":10,"s:55:54:55:Infinity":11,"s:56:40:56:Infinity":12,"s:57:46:57:Infinity":13,"s:58:38:58:Infinity":14,"s:59:32:59:Infinity":15,"s:60:34:60:Infinity":16,"s:62:8:62:Infinity":17,"s:63:8:63:Infinity":18,"s:66:8:72:Infinity":19,"f:67:4:67:10":1,"s:67:10:70:Infinity":20,"f:68:14:68:15":2,"s:68:21:68:74":21,"b:68:21:68:41:68:41:68:74":1,"f:69:11:69:12":3,"s:69:18:69:25":22,"s:75:8:80:Infinity":23,"f:75:40:75:41":4,"s:76:4:76:Infinity":24,"s:77:4:77:Infinity":25,"s:78:4:78:Infinity":26,"s:79:4:79:Infinity":27,"s:83:2:89:Infinity":28,"f:83:12:83:18":5,"b:84:4:87:Infinity:undefined:undefined:undefined:undefined":2,"s:84:4:87:Infinity":29,"s:85:6:85:Infinity":30,"s:86:6:86:Infinity":31,"s:88:4:88:Infinity":32,"s:91:8:94:Infinity":33,"f:91:39:91:40":6,"s:92:4:92:Infinity":34,"s:93:4:93:Infinity":35,"s:96:8:98:Infinity":36,"f:96:43:96:49":7,"s:97:4:97:Infinity":37,"s:100:8:103:Infinity":38,"f:100:39:100:40":8,"s:101:4:101:Infinity":39,"s:102:4:102:Infinity":40,"s:105:8:113:Infinity":41,"f:105:42:105:43":9,"s:106:22:106:Infinity":42,"f:106:41:106:42":10,"s:106:48:106:88":43,"b:106:48:106:68:106:68:106:88":3,"b:107:4:107:Infinity:undefined:undefined:undefined:undefined":4,"s:107:4:107:Infinity":44,"s:107:20:107:Infinity":45,"s:109:4:109:Infinity":46,"s:110:4:110:Infinity":47,"s:112:4:112:Infinity":48,"s:115:8:121:Infinity":49,"f:115:38:115:45":11,"s:116:10:116:Infinity":50,"s:117:4:117:Infinity":51,"s:118:4:118:Infinity":52,"s:119:4:119:Infinity":53,"s:120:4:120:Infinity":54,"s:123:8:128:Infinity":55,"f:123:40:123:47":12,"s:124:4:124:Infinity":56,"s:125:4:125:Infinity":57,"s:126:4:126:Infinity":58,"s:127:4:127:Infinity":59,"s:130:8:134:Infinity":60,"f:130:40:130:47":13,"s:131:4:131:Infinity":61,"s:132:4:132:Infinity":62,"s:133:4:133:Infinity":63,"s:136:8:140:Infinity":64,"f:136:42:136:49":14,"s:137:4:137:Infinity":65,"s:138:4:138:Infinity":66,"s:139:4:139:Infinity":67,"s:142:8:149:Infinity":68,"f:142:44:142:45":15,"s:143:4:148:Infinity":69,"s:144:24:144:Infinity":70,"f:144:43:144:44":16,"s:144:50:144:90":71,"b:144:50:144:70:144:70:144:90":5,"b:145:6:145:Infinity:undefined:undefined:undefined:undefined":6,"s:145:6:145:Infinity":72,"s:145:22:145:Infinity":73,"s:146:6:146:Infinity":74,"s:147:6:147:Infinity":75,"s:151:2:159:Infinity":76,"f:152:17:152:23":17,"s:152:23:152:Infinity":77,"f:154:12:154:18":18,"s:154:18:154:Infinity":78,"s:161:2:170:Infinity":79,"s:172:8:174:Infinity":80,"f:172:42:172:43":19,"s:173:4:173:Infinity":81,"f:173:20:173:21":20,"s:173:27:173:66":82,"s:176:8:178:Infinity":83,"f:176:43:176:44":21,"s:177:4:177:Infinity":84,"f:177:21:177:22":22,"s:177:28:177:67":85,"s:180:8:182:Infinity":86,"f:180:44:180:45":23,"s:181:4:181:Infinity":87,"f:181:22:181:23":24,"s:181:29:181:68":88,"s:184:8:194:Infinity":89,"f:184:39:184:46":25,"s:185:4:185:Infinity":90,"s:186:4:193:Infinity":91,"s:187:21:187:Infinity":92,"s:188:6:188:Infinity":93,"s:189:6:189:Infinity":94,"s:191:6:191:Infinity":95,"s:192:6:192:Infinity":96,"s:196:20:196:Infinity":97,"b:196:20:196:84:196:84:196:Infinity":7,"f:196:36:196:37":26,"s:196:43:196:79":98,"s:198:2:269:Infinity":99,"f:202:335:202:341":27,"s:202:341:202:368":100,"b:206:80:206:100:206:100:206:106":8,"f:223:31:223:37":28,"s:223:37:223:Infinity":101,"f:223:59:223:60":29,"s:223:66:223:68":102,"b:226:28:226:48:226:48:226:Infinity":9,"b:227:30:227:52:227:52:227:Infinity":10,"f:234:28:234:34":30,"s:234:34:234:Infinity":103,"f:234:48:234:53":31,"s:234:53:234:55":104,"f:244:47:244:53":32,"s:244:53:244:76":105,"f:249:17:249:23":33,"s:249:23:249:Infinity":106,"f:253:17:253:23":34,"s:253:23:253:Infinity":107,"f:260:17:260:23":35,"s:260:23:260:Infinity":108,"f:267:17:267:23":36,"s:267:23:267:Infinity":109}}}
,"/Users/luca/Workspace/laputa-app/src/types.ts": {"path":"/Users/luca/Workspace/laputa-app/src/types.ts","statementMap":{},"fnMap":{},"branchMap":{},"s":{},"f":{},"b":{},"meta":{"lastBranch":0,"lastFunction":0,"lastStatement":0,"seen":{}}}
,"/Users/luca/Workspace/laputa-app/src/components/AIChatPanel.tsx": {"path":"/Users/luca/Workspace/laputa-app/src/components/AIChatPanel.tsx","statementMap":{"0":{"start":{"line":23,"column":2},"end":{"line":30,"column":null}},"1":{"start":{"line":35,"column":2},"end":{"line":51,"column":null}},"2":{"start":{"line":61,"column":24},"end":{"line":61,"column":null}},"3":{"start":{"line":62,"column":8},"end":{"line":62,"column":null}},"4":{"start":{"line":63,"column":2},"end":{"line":63,"column":null}},"5":{"start":{"line":63,"column":20},"end":{"line":63,"column":46}},"6":{"start":{"line":65,"column":8},"end":{"line":71,"column":null}},"7":{"start":{"line":66,"column":14},"end":{"line":66,"column":null}},"8":{"start":{"line":67,"column":4},"end":{"line":70,"column":null}},"9":{"start":{"line":68,"column":19},"end":{"line":68,"column":44}},"10":{"start":{"line":69,"column":19},"end":{"line":69,"column":101}},"11":{"start":{"line":73,"column":2},"end":{"line":97,"column":null}},"12":{"start":{"line":78,"column":59},"end":{"line":78,"column":null}},"13":{"start":{"line":79,"column":26},"end":{"line":79,"column":59}},"14":{"start":{"line":85,"column":10},"end":{"line":91,"column":null}},"15":{"start":{"line":88,"column":29},"end":{"line":88,"column":43}},"16":{"start":{"line":88,"column":43},"end":{"line":88,"column":53}},"17":{"start":{"line":102,"column":20},"end":{"line":102,"column":null}},"18":{"start":{"line":103,"column":2},"end":{"line":121,"column":null}},"19":{"start":{"line":110,"column":58},"end":{"line":110,"column":82}},"20":{"start":{"line":118,"column":29},"end":{"line":118,"column":45}},"21":{"start":{"line":118,"column":45},"end":{"line":118,"column":55}},"22":{"start":{"line":126,"column":2},"end":{"line":146,"column":null}},"23":{"start":{"line":134,"column":50},"end":{"line":134,"column":null}},"24":{"start":{"line":151,"column":2},"end":{"line":157,"column":null}},"25":{"start":{"line":162,"column":2},"end":{"line":169,"column":null}},"26":{"start":{"line":174,"column":2},"end":{"line":174,"column":null}},"27":{"start":{"line":177,"column":22},"end":{"line":181,"column":null}},"28":{"start":{"line":186,"column":38},"end":{"line":186,"column":null}},"29":{"start":{"line":188,"column":2},"end":{"line":192,"column":null}},"30":{"start":{"line":189,"column":4},"end":{"line":191,"column":null}},"31":{"start":{"line":190,"column":6},"end":{"line":190,"column":null}},"32":{"start":{"line":190,"column":30},"end":{"line":190,"column":93}},"33":{"start":{"line":190,"column":45},"end":{"line":190,"column":66}},"34":{"start":{"line":194,"column":18},"end":{"line":196,"column":null}},"35":{"start":{"line":195,"column":4},"end":{"line":195,"column":null}},"36":{"start":{"line":195,"column":28},"end":{"line":195,"column":89}},"37":{"start":{"line":195,"column":43},"end":{"line":195,"column":63}},"38":{"start":{"line":197,"column":21},"end":{"line":199,"column":null}},"39":{"start":{"line":198,"column":4},"end":{"line":198,"column":null}},"40":{"start":{"line":198,"column":28},"end":{"line":198,"column":61}},"41":{"start":{"line":198,"column":45},"end":{"line":198,"column":60}},"42":{"start":{"line":200,"column":8},"end":{"line":200,"column":null}},"43":{"start":{"line":200,"column":30},"end":{"line":200,"column":70}},"44":{"start":{"line":200,"column":60},"end":{"line":200,"column":66}},"45":{"start":{"line":202,"column":2},"end":{"line":202,"column":null}},"46":{"start":{"line":208,"column":24},"end":{"line":208,"column":null}},"47":{"start":{"line":209,"column":24},"end":{"line":209,"column":null}},"48":{"start":{"line":210,"column":34},"end":{"line":210,"column":null}},"49":{"start":{"line":211,"column":46},"end":{"line":211,"column":null}},"50":{"start":{"line":212,"column":8},"end":{"line":212,"column":null}},"51":{"start":{"line":214,"column":14},"end":{"line":214,"column":null}},"52":{"start":{"line":215,"column":8},"end":{"line":215,"column":null}},"53":{"start":{"line":217,"column":8},"end":{"line":220,"column":null}},"54":{"start":{"line":218,"column":4},"end":{"line":218,"column":null}},"55":{"start":{"line":222,"column":2},"end":{"line":224,"column":null}},"56":{"start":{"line":223,"column":4},"end":{"line":223,"column":null}},"57":{"start":{"line":226,"column":21},"end":{"line":226,"column":null}},"58":{"start":{"line":226,"column":29},"end":{"line":226,"column":54}},"59":{"start":{"line":226,"column":54},"end":{"line":226,"column":67}},"60":{"start":{"line":228,"column":24},"end":{"line":230,"column":null}},"61":{"start":{"line":229,"column":4},"end":{"line":229,"column":null}},"62":{"start":{"line":229,"column":44},"end":{"line":229,"column":64}},"63":{"start":{"line":229,"column":64},"end":{"line":229,"column":77}},"64":{"start":{"line":232,"column":2},"end":{"line":268,"column":null}},"65":{"start":{"line":234,"column":35},"end":{"line":234,"column":62}},"66":{"start":{"line":239,"column":54},"end":{"line":239,"column":null}},"67":{"start":{"line":240,"column":75},"end":{"line":240,"column":null}},"68":{"start":{"line":250,"column":27},"end":{"line":250,"column":50}},"69":{"start":{"line":250,"column":50},"end":{"line":250,"column":63}},"70":{"start":{"line":255,"column":56},"end":{"line":255,"column":84}},"71":{"start":{"line":275,"column":2},"end":{"line":287,"column":null}},"72":{"start":{"line":300,"column":2},"end":{"line":318,"column":null}},"73":{"start":{"line":303,"column":8},"end":{"line":303,"column":null}},"74":{"start":{"line":303,"column":65},"end":{"line":303,"column":86}},"75":{"start":{"line":328,"column":2},"end":{"line":349,"column":null}},"76":{"start":{"line":340,"column":8},"end":{"line":344,"column":null}},"77":{"start":{"line":343,"column":57},"end":{"line":343,"column":71}},"78":{"start":{"line":358,"column":2},"end":{"line":368,"column":null}},"79":{"start":{"line":361,"column":8},"end":{"line":366,"column":null}},"80":{"start":{"line":364,"column":25},"end":{"line":364,"column":46}},"81":{"start":{"line":379,"column":2},"end":{"line":399,"column":null}},"82":{"start":{"line":382,"column":45},"end":{"line":382,"column":null}},"83":{"start":{"line":385,"column":36},"end":{"line":385,"column":98}},"84":{"start":{"line":389,"column":47},"end":{"line":389,"column":78}}},"fnMap":{"0":{"name":"TypingIndicator","decl":{"start":{"line":22,"column":9},"end":{"line":22,"column":27}},"loc":{"start":{"line":22,"column":27},"end":{"line":32,"column":null}},"line":22},"1":{"name":"ContextPill","decl":{"start":{"line":34,"column":9},"end":{"line":34,"column":21}},"loc":{"start":{"line":34,"column":85},"end":{"line":53,"column":null}},"line":34},"2":{"name":"ContextSearchDropdown","decl":{"start":{"line":55,"column":9},"end":{"line":55,"column":31}},"loc":{"start":{"line":60,"column":3},"end":{"line":99,"column":null}},"line":60},"3":{"name":"(anonymous_3)","decl":{"start":{"line":63,"column":12},"end":{"line":63,"column":18}},"loc":{"start":{"line":63,"column":18},"end":{"line":63,"column":49}},"line":63},"4":{"name":"(anonymous_4)","decl":{"start":{"line":65,"column":27},"end":{"line":65,"column":33}},"loc":{"start":{"line":65,"column":33},"end":{"line":71,"column":5}},"line":65},"5":{"name":"(anonymous_5)","decl":{"start":{"line":68,"column":14},"end":{"line":68,"column":19}},"loc":{"start":{"line":68,"column":19},"end":{"line":68,"column":44}},"line":68},"6":{"name":"(anonymous_6)","decl":{"start":{"line":69,"column":14},"end":{"line":69,"column":19}},"loc":{"start":{"line":69,"column":19},"end":{"line":69,"column":101}},"line":69},"7":{"name":"(anonymous_7)","decl":{"start":{"line":78,"column":54},"end":{"line":78,"column":59}},"loc":{"start":{"line":78,"column":59},"end":{"line":78,"column":null}},"line":78},"8":{"name":"(anonymous_8)","decl":{"start":{"line":79,"column":21},"end":{"line":79,"column":26}},"loc":{"start":{"line":79,"column":26},"end":{"line":79,"column":59}},"line":79},"9":{"name":"(anonymous_9)","decl":{"start":{"line":84,"column":22},"end":{"line":84,"column":null}},"loc":{"start":{"line":85,"column":10},"end":{"line":91,"column":null}},"line":85},"10":{"name":"(anonymous_10)","decl":{"start":{"line":88,"column":21},"end":{"line":88,"column":27}},"loc":{"start":{"line":88,"column":27},"end":{"line":88,"column":null}},"line":88},"11":{"name":"ApiKeyDialog","decl":{"start":{"line":101,"column":9},"end":{"line":101,"column":22}},"loc":{"start":{"line":101,"column":60},"end":{"line":123,"column":null}},"line":101},"12":{"name":"(anonymous_12)","decl":{"start":{"line":110,"column":53},"end":{"line":110,"column":58}},"loc":{"start":{"line":110,"column":58},"end":{"line":110,"column":82}},"line":110},"13":{"name":"(anonymous_13)","decl":{"start":{"line":118,"column":21},"end":{"line":118,"column":27}},"loc":{"start":{"line":118,"column":27},"end":{"line":118,"column":58}},"line":118},"14":{"name":"AssistantMessage","decl":{"start":{"line":125,"column":9},"end":{"line":125,"column":26}},"loc":{"start":{"line":125,"column":87},"end":{"line":148,"column":null}},"line":125},"15":{"name":"(anonymous_15)","decl":{"start":{"line":134,"column":44},"end":{"line":134,"column":50}},"loc":{"start":{"line":134,"column":50},"end":{"line":134,"column":null}},"line":134},"16":{"name":"StreamingContent","decl":{"start":{"line":150,"column":9},"end":{"line":150,"column":26}},"loc":{"start":{"line":150,"column":60},"end":{"line":159,"column":null}},"line":150},"17":{"name":"UserBubble","decl":{"start":{"line":161,"column":9},"end":{"line":161,"column":20}},"loc":{"start":{"line":161,"column":54},"end":{"line":171,"column":null}},"line":161},"18":{"name":"formatTokens","decl":{"start":{"line":173,"column":9},"end":{"line":173,"column":22}},"loc":{"start":{"line":173,"column":41},"end":{"line":175,"column":null}},"line":173},"19":{"name":"useContextNotes","decl":{"start":{"line":185,"column":9},"end":{"line":185,"column":25}},"loc":{"start":{"line":185,"column":51},"end":{"line":203,"column":null}},"line":185},"20":{"name":"(anonymous_20)","decl":{"start":{"line":188,"column":12},"end":{"line":188,"column":18}},"loc":{"start":{"line":188,"column":18},"end":{"line":192,"column":5}},"line":188},"21":{"name":"(anonymous_21)","decl":{"start":{"line":190,"column":22},"end":{"line":190,"column":30}},"loc":{"start":{"line":190,"column":30},"end":{"line":190,"column":93}},"line":190},"22":{"name":"(anonymous_22)","decl":{"start":{"line":190,"column":40},"end":{"line":190,"column":45}},"loc":{"start":{"line":190,"column":45},"end":{"line":190,"column":66}},"line":190},"23":{"name":"(anonymous_23)","decl":{"start":{"line":194,"column":18},"end":{"line":194,"column":19}},"loc":{"start":{"line":194,"column":40},"end":{"line":196,"column":null}},"line":194},"24":{"name":"(anonymous_24)","decl":{"start":{"line":195,"column":20},"end":{"line":195,"column":28}},"loc":{"start":{"line":195,"column":28},"end":{"line":195,"column":89}},"line":195},"25":{"name":"(anonymous_25)","decl":{"start":{"line":195,"column":38},"end":{"line":195,"column":43}},"loc":{"start":{"line":195,"column":43},"end":{"line":195,"column":63}},"line":195},"26":{"name":"(anonymous_26)","decl":{"start":{"line":197,"column":21},"end":{"line":197,"column":22}},"loc":{"start":{"line":197,"column":39},"end":{"line":199,"column":null}},"line":197},"27":{"name":"(anonymous_27)","decl":{"start":{"line":198,"column":20},"end":{"line":198,"column":28}},"loc":{"start":{"line":198,"column":28},"end":{"line":198,"column":61}},"line":198},"28":{"name":"(anonymous_28)","decl":{"start":{"line":198,"column":40},"end":{"line":198,"column":45}},"loc":{"start":{"line":198,"column":45},"end":{"line":198,"column":60}},"line":198},"29":{"name":"(anonymous_29)","decl":{"start":{"line":200,"column":24},"end":{"line":200,"column":30}},"loc":{"start":{"line":200,"column":30},"end":{"line":200,"column":70}},"line":200},"30":{"name":"(anonymous_30)","decl":{"start":{"line":200,"column":55},"end":{"line":200,"column":60}},"loc":{"start":{"line":200,"column":60},"end":{"line":200,"column":66}},"line":200},"31":{"name":"AIChatPanel","decl":{"start":{"line":207,"column":16},"end":{"line":207,"column":28}},"loc":{"start":{"line":207,"column":92},"end":{"line":270,"column":null}},"line":207},"32":{"name":"(anonymous_32)","decl":{"start":{"line":218,"column":4},"end":{"line":218,"column":10}},"loc":{"start":{"line":218,"column":4},"end":{"line":218,"column":null}},"line":218},"33":{"name":"(anonymous_33)","decl":{"start":{"line":222,"column":12},"end":{"line":222,"column":18}},"loc":{"start":{"line":222,"column":18},"end":{"line":224,"column":5}},"line":222},"34":{"name":"(anonymous_34)","decl":{"start":{"line":226,"column":21},"end":{"line":226,"column":27}},"loc":{"start":{"line":226,"column":27},"end":{"line":226,"column":null}},"line":226},"35":{"name":"(anonymous_35)","decl":{"start":{"line":228,"column":24},"end":{"line":228,"column":25}},"loc":{"start":{"line":228,"column":52},"end":{"line":230,"column":null}},"line":228},"36":{"name":"(anonymous_36)","decl":{"start":{"line":234,"column":29},"end":{"line":234,"column":35}},"loc":{"start":{"line":234,"column":35},"end":{"line":234,"column":62}},"line":234},"37":{"name":"(anonymous_37)","decl":{"start":{"line":239,"column":48},"end":{"line":239,"column":54}},"loc":{"start":{"line":239,"column":54},"end":{"line":239,"column":null}},"line":239},"38":{"name":"(anonymous_38)","decl":{"start":{"line":240,"column":69},"end":{"line":240,"column":75}},"loc":{"start":{"line":240,"column":75},"end":{"line":240,"column":null}},"line":240},"39":{"name":"(anonymous_39)","decl":{"start":{"line":250,"column":18},"end":{"line":250,"column":25}},"loc":{"start":{"line":250,"column":25},"end":{"line":250,"column":66}},"line":250},"40":{"name":"(anonymous_40)","decl":{"start":{"line":255,"column":50},"end":{"line":255,"column":56}},"loc":{"start":{"line":255,"column":56},"end":{"line":255,"column":84}},"line":255},"41":{"name":"PanelHeader","decl":{"start":{"line":274,"column":9},"end":{"line":274,"column":21}},"loc":{"start":{"line":274,"column":121},"end":{"line":289,"column":null}},"line":274},"42":{"name":"ContextBar","decl":{"start":{"line":291,"column":9},"end":{"line":291,"column":20}},"loc":{"start":{"line":299,"column":3},"end":{"line":320,"column":null}},"line":299},"43":{"name":"(anonymous_43)","decl":{"start":{"line":302,"column":17},"end":{"line":302,"column":null}},"loc":{"start":{"line":303,"column":8},"end":{"line":303,"column":null}},"line":303},"44":{"name":"(anonymous_44)","decl":{"start":{"line":303,"column":59},"end":{"line":303,"column":65}},"loc":{"start":{"line":303,"column":65},"end":{"line":303,"column":86}},"line":303},"45":{"name":"MessageList","decl":{"start":{"line":322,"column":9},"end":{"line":322,"column":21}},"loc":{"start":{"line":327,"column":3},"end":{"line":351,"column":null}},"line":327},"46":{"name":"(anonymous_46)","decl":{"start":{"line":339,"column":20},"end":{"line":339,"column":21}},"loc":{"start":{"line":340,"column":8},"end":{"line":344,"column":null}},"line":340},"47":{"name":"(anonymous_47)","decl":{"start":{"line":343,"column":51},"end":{"line":343,"column":57}},"loc":{"start":{"line":343,"column":57},"end":{"line":343,"column":71}},"line":343},"48":{"name":"QuickActionsBar","decl":{"start":{"line":353,"column":9},"end":{"line":353,"column":25}},"loc":{"start":{"line":357,"column":3},"end":{"line":370,"column":null}},"line":357},"49":{"name":"(anonymous_49)","decl":{"start":{"line":360,"column":19},"end":{"line":360,"column":null}},"loc":{"start":{"line":361,"column":8},"end":{"line":366,"column":null}},"line":361},"50":{"name":"(anonymous_50)","decl":{"start":{"line":364,"column":19},"end":{"line":364,"column":25}},"loc":{"start":{"line":364,"column":25},"end":{"line":364,"column":46}},"line":364},"51":{"name":"InputArea","decl":{"start":{"line":372,"column":9},"end":{"line":372,"column":19}},"loc":{"start":{"line":378,"column":3},"end":{"line":401,"column":null}},"line":378},"52":{"name":"(anonymous_52)","decl":{"start":{"line":382,"column":40},"end":{"line":382,"column":45}},"loc":{"start":{"line":382,"column":45},"end":{"line":382,"column":null}},"line":382},"53":{"name":"(anonymous_53)","decl":{"start":{"line":385,"column":29},"end":{"line":385,"column":36}},"loc":{"start":{"line":385,"column":36},"end":{"line":385,"column":98}},"line":385},"54":{"name":"(anonymous_54)","decl":{"start":{"line":389,"column":42},"end":{"line":389,"column":47}},"loc":{"start":{"line":389,"column":47},"end":{"line":389,"column":78}},"line":389}},"branchMap":{"0":{"loc":{"start":{"line":69,"column":19},"end":{"line":69,"column":101}},"type":"binary-expr","locations":[{"start":{"line":69,"column":19},"end":{"line":69,"column":25}},{"start":{"line":69,"column":25},"end":{"line":69,"column":63}},{"start":{"line":69,"column":57},"end":{"line":69,"column":101}}],"line":69},"1":{"loc":{"start":{"line":69,"column":63},"end":{"line":69,"column":76}},"type":"binary-expr","locations":[{"start":{"line":69,"column":63},"end":{"line":69,"column":72}},{"start":{"line":69,"column":72},"end":{"line":69,"column":76}}],"line":69},"2":{"loc":{"start":{"line":79,"column":26},"end":{"line":79,"column":59}},"type":"binary-expr","locations":[{"start":{"line":79,"column":26},"end":{"line":79,"column":48}},{"start":{"line":79,"column":48},"end":{"line":79,"column":59}}],"line":79},"3":{"loc":{"start":{"line":89,"column":92},"end":{"line":89,"column":112}},"type":"binary-expr","locations":[{"start":{"line":89,"column":92},"end":{"line":89,"column":105}},{"start":{"line":89,"column":105},"end":{"line":89,"column":112}}],"line":89},"4":{"loc":{"start":{"line":93,"column":9},"end":{"line":94,"column":null}},"type":"binary-expr","locations":[{"start":{"line":93,"column":9},"end":{"line":93,"column":null}},{"start":{"line":94,"column":10},"end":{"line":94,"column":null}}],"line":93},"5":{"loc":{"start":{"line":174,"column":9},"end":{"line":174,"column":null}},"type":"cond-expr","locations":[{"start":{"line":174,"column":20},"end":{"line":174,"column":32}},{"start":{"line":174,"column":32},"end":{"line":174,"column":null}}],"line":174},"6":{"loc":{"start":{"line":189,"column":4},"end":{"line":191,"column":null}},"type":"if","locations":[{"start":{"line":189,"column":4},"end":{"line":191,"column":null}},{"start":{},"end":{}}],"line":189},"7":{"loc":{"start":{"line":190,"column":30},"end":{"line":190,"column":93}},"type":"cond-expr","locations":[{"start":{"line":190,"column":70},"end":{"line":190,"column":77}},{"start":{"line":190,"column":77},"end":{"line":190,"column":93}}],"line":190},"8":{"loc":{"start":{"line":195,"column":28},"end":{"line":195,"column":89}},"type":"cond-expr","locations":[{"start":{"line":195,"column":67},"end":{"line":195,"column":74}},{"start":{"line":195,"column":74},"end":{"line":195,"column":89}}],"line":195},"9":{"loc":{"start":{"line":207,"column":49},"end":{"line":207,"column":63}},"type":"default-arg","locations":[{"start":{"line":207,"column":59},"end":{"line":207,"column":63}}],"line":207},"10":{"loc":{"start":{"line":229,"column":4},"end":{"line":229,"column":null}},"type":"if","locations":[{"start":{"line":229,"column":4},"end":{"line":229,"column":null}},{"start":{},"end":{}}],"line":229},"11":{"loc":{"start":{"line":229,"column":8},"end":{"line":229,"column":42}},"type":"binary-expr","locations":[{"start":{"line":229,"column":8},"end":{"line":229,"column":29}},{"start":{"line":229,"column":29},"end":{"line":229,"column":42}}],"line":229},"12":{"loc":{"start":{"line":253,"column":64},"end":{"line":253,"column":99}},"type":"binary-expr","locations":[{"start":{"line":253,"column":64},"end":{"line":253,"column":84}},{"start":{"line":253,"column":84},"end":{"line":253,"column":99}}],"line":253},"13":{"loc":{"start":{"line":255,"column":7},"end":{"line":255,"column":null}},"type":"binary-expr","locations":[{"start":{"line":255,"column":7},"end":{"line":255,"column":27}},{"start":{"line":255,"column":27},"end":{"line":255,"column":null}}],"line":255},"14":{"loc":{"start":{"line":281,"column":23},"end":{"line":281,"column":65}},"type":"cond-expr","locations":[{"start":{"line":281,"column":45},"end":{"line":281,"column":54}},{"start":{"line":281,"column":54},"end":{"line":281,"column":65}}],"line":281},"15":{"loc":{"start":{"line":310,"column":7},"end":{"line":313,"column":null}},"type":"binary-expr","locations":[{"start":{"line":310,"column":7},"end":{"line":310,"column":null}},{"start":{"line":311,"column":8},"end":{"line":313,"column":null}}],"line":310},"16":{"loc":{"start":{"line":312,"column":45},"end":{"line":312,"column":null}},"type":"binary-expr","locations":[{"start":{"line":312,"column":45},"end":{"line":312,"column":58}},{"start":{"line":312,"column":58},"end":{"line":312,"column":null}}],"line":312},"17":{"loc":{"start":{"line":315,"column":7},"end":{"line":316,"column":null}},"type":"binary-expr","locations":[{"start":{"line":315,"column":7},"end":{"line":315,"column":null}},{"start":{"line":316,"column":8},"end":{"line":316,"column":null}}],"line":315},"18":{"loc":{"start":{"line":330,"column":7},"end":{"line":337,"column":null}},"type":"binary-expr","locations":[{"start":{"line":330,"column":7},"end":{"line":330,"column":32}},{"start":{"line":330,"column":32},"end":{"line":330,"column":null}},{"start":{"line":331,"column":8},"end":{"line":337,"column":null}}],"line":330},"19":{"loc":{"start":{"line":335,"column":13},"end":{"line":335,"column":null}},"type":"cond-expr","locations":[{"start":{"line":335,"column":27},"end":{"line":335,"column":58}},{"start":{"line":335,"column":58},"end":{"line":335,"column":null}}],"line":335},"20":{"loc":{"start":{"line":341,"column":11},"end":{"line":343,"column":null}},"type":"cond-expr","locations":[{"start":{"line":342,"column":14},"end":{"line":342,"column":null}},{"start":{"line":343,"column":14},"end":{"line":343,"column":null}}],"line":341},"21":{"loc":{"start":{"line":346,"column":7},"end":{"line":346,"column":null}},"type":"binary-expr","locations":[{"start":{"line":346,"column":7},"end":{"line":346,"column":22}},{"start":{"line":346,"column":22},"end":{"line":346,"column":42}},{"start":{"line":346,"column":42},"end":{"line":346,"column":null}}],"line":346},"22":{"loc":{"start":{"line":347,"column":7},"end":{"line":347,"column":null}},"type":"binary-expr","locations":[{"start":{"line":347,"column":7},"end":{"line":347,"column":22}},{"start":{"line":347,"column":22},"end":{"line":347,"column":43}},{"start":{"line":347,"column":43},"end":{"line":347,"column":null}}],"line":347}},"s":{"0":0,"1":0,"2":0,"3":0,"4":0,"5":0,"6":0,"7":0,"8":0,"9":0,"10":0,"11":0,"12":0,"13":0,"14":0,"15":0,"16":0,"17":0,"18":0,"19":0,"20":0,"21":0,"22":0,"23":0,"24":0,"25":0,"26":0,"27":2,"28":0,"29":0,"30":0,"31":0,"32":0,"33":0,"34":0,"35":0,"36":0,"37":0,"38":0,"39":0,"40":0,"41":0,"42":0,"43":0,"44":0,"45":0,"46":0,"47":0,"48":0,"49":0,"50":0,"51":0,"52":0,"53":0,"54":0,"55":0,"56":0,"57":0,"58":0,"59":0,"60":0,"61":0,"62":0,"63":0,"64":0,"65":0,"66":0,"67":0,"68":0,"69":0,"70":0,"71":0,"72":0,"73":0,"74":0,"75":0,"76":0,"77":0,"78":0,"79":0,"80":0,"81":0,"82":0,"83":0,"84":0},"f":{"0":0,"1":0,"2":0,"3":0,"4":0,"5":0,"6":0,"7":0,"8":0,"9":0,"10":0,"11":0,"12":0,"13":0,"14":0,"15":0,"16":0,"17":0,"18":0,"19":0,"20":0,"21":0,"22":0,"23":0,"24":0,"25":0,"26":0,"27":0,"28":0,"29":0,"30":0,"31":0,"32":0,"33":0,"34":0,"35":0,"36":0,"37":0,"38":0,"39":0,"40":0,"41":0,"42":0,"43":0,"44":0,"45":0,"46":0,"47":0,"48":0,"49":0,"50":0,"51":0,"52":0,"53":0,"54":0},"b":{"0":[0,0,0],"1":[0,0],"2":[0,0],"3":[0,0],"4":[0,0],"5":[0,0],"6":[0,0],"7":[0,0],"8":[0,0],"9":[0],"10":[0,0],"11":[0,0],"12":[0,0],"13":[0,0],"14":[0,0],"15":[0,0],"16":[0,0],"17":[0,0],"18":[0,0,0],"19":[0,0],"20":[0,0],"21":[0,0,0],"22":[0,0,0]},"meta":{"lastBranch":23,"lastFunction":55,"lastStatement":85,"seen":{"f:22:9:22:27":0,"s:23:2:30:Infinity":0,"f:34:9:34:21":1,"s:35:2:51:Infinity":1,"f:55:9:55:31":2,"s:61:24:61:Infinity":2,"s:62:8:62:Infinity":3,"s:63:2:63:Infinity":4,"f:63:12:63:18":3,"s:63:20:63:46":5,"s:65:8:71:Infinity":6,"f:65:27:65:33":4,"s:66:14:66:Infinity":7,"s:67:4:70:Infinity":8,"f:68:14:68:19":5,"s:68:19:68:44":9,"f:69:14:69:19":6,"s:69:19:69:101":10,"b:69:19:69:25:69:25:69:63:69:57:69:101":0,"b:69:63:69:72:69:72:69:76":1,"s:73:2:97:Infinity":11,"f:78:54:78:59":7,"s:78:59:78:Infinity":12,"f:79:21:79:26":8,"s:79:26:79:59":13,"b:79:26:79:48:79:48:79:59":2,"f:84:22:84:Infinity":9,"s:85:10:91:Infinity":14,"f:88:21:88:27":10,"s:88:29:88:43":15,"s:88:43:88:53":16,"b:89:92:89:105:89:105:89:112":3,"b:93:9:93:Infinity:94:10:94:Infinity":4,"f:101:9:101:22":11,"s:102:20:102:Infinity":17,"s:103:2:121:Infinity":18,"f:110:53:110:58":12,"s:110:58:110:82":19,"f:118:21:118:27":13,"s:118:29:118:45":20,"s:118:45:118:55":21,"f:125:9:125:26":14,"s:126:2:146:Infinity":22,"f:134:44:134:50":15,"s:134:50:134:Infinity":23,"f:150:9:150:26":16,"s:151:2:157:Infinity":24,"f:161:9:161:20":17,"s:162:2:169:Infinity":25,"f:173:9:173:22":18,"s:174:2:174:Infinity":26,"b:174:20:174:32:174:32:174:Infinity":5,"s:177:22:181:Infinity":27,"f:185:9:185:25":19,"s:186:38:186:Infinity":28,"s:188:2:192:Infinity":29,"f:188:12:188:18":20,"b:189:4:191:Infinity:undefined:undefined:undefined:undefined":6,"s:189:4:191:Infinity":30,"s:190:6:190:Infinity":31,"f:190:22:190:30":21,"s:190:30:190:93":32,"b:190:70:190:77:190:77:190:93":7,"f:190:40:190:45":22,"s:190:45:190:66":33,"s:194:18:196:Infinity":34,"f:194:18:194:19":23,"s:195:4:195:Infinity":35,"f:195:20:195:28":24,"s:195:28:195:89":36,"b:195:67:195:74:195:74:195:89":8,"f:195:38:195:43":25,"s:195:43:195:63":37,"s:197:21:199:Infinity":38,"f:197:21:197:22":26,"s:198:4:198:Infinity":39,"f:198:20:198:28":27,"s:198:28:198:61":40,"f:198:40:198:45":28,"s:198:45:198:60":41,"s:200:8:200:Infinity":42,"f:200:24:200:30":29,"s:200:30:200:70":43,"f:200:55:200:60":30,"s:200:60:200:66":44,"s:202:2:202:Infinity":45,"f:207:16:207:28":31,"b:207:59:207:63":9,"s:208:24:208:Infinity":46,"s:209:24:209:Infinity":47,"s:210:34:210:Infinity":48,"s:211:46:211:Infinity":49,"s:212:8:212:Infinity":50,"s:214:14:214:Infinity":51,"s:215:8:215:Infinity":52,"s:217:8:220:Infinity":53,"f:218:4:218:10":32,"s:218:4:218:Infinity":54,"s:222:2:224:Infinity":55,"f:222:12:222:18":33,"s:223:4:223:Infinity":56,"s:226:21:226:Infinity":57,"f:226:21:226:27":34,"s:226:29:226:54":58,"s:226:54:226:67":59,"s:228:24:230:Infinity":60,"f:228:24:228:25":35,"b:229:4:229:Infinity:undefined:undefined:undefined:undefined":10,"s:229:4:229:Infinity":61,"b:229:8:229:29:229:29:229:42":11,"s:229:44:229:64":62,"s:229:64:229:77":63,"s:232:2:268:Infinity":64,"f:234:29:234:35":36,"s:234:35:234:62":65,"f:239:48:239:54":37,"s:239:54:239:Infinity":66,"f:240:69:240:75":38,"s:240:75:240:Infinity":67,"f:250:18:250:25":39,"s:250:27:250:50":68,"s:250:50:250:63":69,"b:253:64:253:84:253:84:253:99":12,"b:255:7:255:27:255:27:255:Infinity":13,"f:255:50:255:56":40,"s:255:56:255:84":70,"f:274:9:274:21":41,"s:275:2:287:Infinity":71,"b:281:45:281:54:281:54:281:65":14,"f:291:9:291:20":42,"s:300:2:318:Infinity":72,"f:302:17:302:Infinity":43,"s:303:8:303:Infinity":73,"f:303:59:303:65":44,"s:303:65:303:86":74,"b:310:7:310:Infinity:311:8:313:Infinity":15,"b:312:45:312:58:312:58:312:Infinity":16,"b:315:7:315:Infinity:316:8:316:Infinity":17,"f:322:9:322:21":45,"s:328:2:349:Infinity":75,"b:330:7:330:32:330:32:330:Infinity:331:8:337:Infinity":18,"b:335:27:335:58:335:58:335:Infinity":19,"f:339:20:339:21":46,"s:340:8:344:Infinity":76,"b:342:14:342:Infinity:343:14:343:Infinity":20,"f:343:51:343:57":47,"s:343:57:343:71":77,"b:346:7:346:22:346:22:346:42:346:42:346:Infinity":21,"b:347:7:347:22:347:22:347:43:347:43:347:Infinity":22,"f:353:9:353:25":48,"s:358:2:368:Infinity":78,"f:360:19:360:Infinity":49,"s:361:8:366:Infinity":79,"f:364:19:364:25":50,"s:364:25:364:46":80,"f:372:9:372:19":51,"s:379:2:399:Infinity":81,"f:382:40:382:45":52,"s:382:45:382:Infinity":82,"f:385:29:385:36":53,"s:385:36:385:98":83,"f:389:42:389:47":54,"s:389:47:389:78":84}}}
,"/Users/luca/Workspace/laputa-app/src/components/BreadcrumbBar.tsx": {"path":"/Users/luca/Workspace/laputa-app/src/components/BreadcrumbBar.tsx","statementMap":{"0":{"start":{"line":35,"column":28},"end":{"line":35,"column":null}},"1":{"start":{"line":41,"column":2},"end":{"line":141,"column":null}},"2":{"start":{"line":145,"column":13},"end":{"line":177,"column":null}},"3":{"start":{"line":148,"column":2},"end":{"line":175,"column":null}}},"fnMap":{"0":{"name":"BreadcrumbActions","decl":{"start":{"line":37,"column":9},"end":{"line":37,"column":27}},"loc":{"start":{"line":40,"column":57},"end":{"line":143,"column":null}},"line":40},"1":{"name":"BreadcrumbBar2","decl":{"start":{"line":145,"column":43},"end":{"line":145,"column":57}},"loc":{"start":{"line":147,"column":23},"end":{"line":177,"column":1}},"line":147}},"branchMap":{"0":{"loc":{"start":{"line":49,"column":7},"end":{"line":69,"column":null}},"type":"cond-expr","locations":[{"start":{"line":50,"column":8},"end":{"line":60,"column":null}},{"start":{"line":62,"column":8},"end":{"line":69,"column":null}}],"line":49},"1":{"loc":{"start":{"line":53,"column":12},"end":{"line":53,"column":null}},"type":"cond-expr","locations":[{"start":{"line":53,"column":23},"end":{"line":53,"column":43}},{"start":{"line":53,"column":43},"end":{"line":53,"column":null}}],"line":53},"2":{"loc":{"start":{"line":57,"column":17},"end":{"line":57,"column":null}},"type":"cond-expr","locations":[{"start":{"line":57,"column":31},"end":{"line":57,"column":51}},{"start":{"line":57,"column":51},"end":{"line":57,"column":null}}],"line":57},"3":{"loc":{"start":{"line":57,"column":51},"end":{"line":57,"column":null}},"type":"cond-expr","locations":[{"start":{"line":57,"column":62},"end":{"line":57,"column":81}},{"start":{"line":57,"column":81},"end":{"line":57,"column":null}}],"line":57},"4":{"loc":{"start":{"line":82,"column":10},"end":{"line":82,"column":null}},"type":"cond-expr","locations":[{"start":{"line":82,"column":23},"end":{"line":82,"column":28}},{"start":{"line":82,"column":28},"end":{"line":82,"column":null}}],"line":82},"5":{"loc":{"start":{"line":84,"column":15},"end":{"line":84,"column":null}},"type":"cond-expr","locations":[{"start":{"line":84,"column":28},"end":{"line":84,"column":58}},{"start":{"line":84,"column":58},"end":{"line":84,"column":null}}],"line":84},"6":{"loc":{"start":{"line":86,"column":15},"end":{"line":86,"column":null}},"type":"cond-expr","locations":[{"start":{"line":86,"column":28},"end":{"line":86,"column":46}},{"start":{"line":86,"column":46},"end":{"line":86,"column":null}}],"line":86},"7":{"loc":{"start":{"line":88,"column":35},"end":{"line":88,"column":68}},"type":"cond-expr","locations":[{"start":{"line":88,"column":48},"end":{"line":88,"column":57}},{"start":{"line":88,"column":57},"end":{"line":88,"column":68}}],"line":88},"8":{"loc":{"start":{"line":90,"column":7},"end":{"line":105,"column":null}},"type":"cond-expr","locations":[{"start":{"line":91,"column":8},"end":{"line":97,"column":null}},{"start":{"line":99,"column":8},"end":{"line":105,"column":null}}],"line":90},"9":{"loc":{"start":{"line":107,"column":7},"end":{"line":122,"column":null}},"type":"cond-expr","locations":[{"start":{"line":108,"column":8},"end":{"line":114,"column":null}},{"start":{"line":116,"column":8},"end":{"line":122,"column":null}}],"line":107},"10":{"loc":{"start":{"line":124,"column":7},"end":{"line":131,"column":null}},"type":"binary-expr","locations":[{"start":{"line":124,"column":7},"end":{"line":124,"column":null}},{"start":{"line":125,"column":8},"end":{"line":131,"column":null}}],"line":124},"11":{"loc":{"start":{"line":160,"column":49},"end":{"line":160,"column":69}},"type":"binary-expr","locations":[{"start":{"line":160,"column":49},"end":{"line":160,"column":62}},{"start":{"line":160,"column":62},"end":{"line":160,"column":69}}],"line":160},"12":{"loc":{"start":{"line":165,"column":9},"end":{"line":169,"column":null}},"type":"binary-expr","locations":[{"start":{"line":165,"column":9},"end":{"line":165,"column":null}},{"start":{"line":166,"column":10},"end":{"line":169,"column":null}}],"line":165}},"s":{"0":3,"1":16,"2":3,"3":16},"f":{"0":16,"1":16},"b":{"0":[2,14],"1":[0,2],"2":[0,2],"3":[0,2],"4":[0,16],"5":[0,16],"6":[0,16],"7":[0,16],"8":[2,14],"9":[2,14],"10":[16,8],"11":[16,0],"12":[16,2]},"meta":{"lastBranch":13,"lastFunction":2,"lastStatement":4,"seen":{"s:35:28:35:Infinity":0,"f:37:9:37:27":0,"s:41:2:141:Infinity":1,"b:50:8:60:Infinity:62:8:69:Infinity":0,"b:53:23:53:43:53:43:53:Infinity":1,"b:57:31:57:51:57:51:57:Infinity":2,"b:57:62:57:81:57:81:57:Infinity":3,"b:82:23:82:28:82:28:82:Infinity":4,"b:84:28:84:58:84:58:84:Infinity":5,"b:86:28:86:46:86:46:86:Infinity":6,"b:88:48:88:57:88:57:88:68":7,"b:91:8:97:Infinity:99:8:105:Infinity":8,"b:108:8:114:Infinity:116:8:122:Infinity":9,"b:124:7:124:Infinity:125:8:131:Infinity":10,"s:145:13:177:Infinity":2,"f:145:43:145:57":1,"s:148:2:175:Infinity":3,"b:160:49:160:62:160:62:160:69":11,"b:165:9:165:Infinity:166:10:169:Infinity":12}}}
,"/Users/luca/Workspace/laputa-app/src/components/CommitDialog.tsx": {"path":"/Users/luca/Workspace/laputa-app/src/components/CommitDialog.tsx","statementMap":{"0":{"start":{"line":14,"column":28},"end":{"line":14,"column":null}},"1":{"start":{"line":15,"column":8},"end":{"line":15,"column":null}},"2":{"start":{"line":17,"column":2},"end":{"line":22,"column":null}},"3":{"start":{"line":18,"column":4},"end":{"line":21,"column":null}},"4":{"start":{"line":19,"column":6},"end":{"line":19,"column":null}},"5":{"start":{"line":20,"column":6},"end":{"line":20,"column":null}},"6":{"start":{"line":20,"column":23},"end":{"line":20,"column":50}},"7":{"start":{"line":24,"column":23},"end":{"line":28,"column":null}},"8":{"start":{"line":25,"column":20},"end":{"line":25,"column":null}},"9":{"start":{"line":26,"column":4},"end":{"line":26,"column":null}},"10":{"start":{"line":26,"column":18},"end":{"line":26,"column":null}},"11":{"start":{"line":27,"column":4},"end":{"line":27,"column":null}},"12":{"start":{"line":30,"column":24},"end":{"line":37,"column":null}},"13":{"start":{"line":31,"column":4},"end":{"line":36,"column":null}},"14":{"start":{"line":32,"column":6},"end":{"line":32,"column":null}},"15":{"start":{"line":33,"column":6},"end":{"line":33,"column":null}},"16":{"start":{"line":34,"column":4},"end":{"line":36,"column":null}},"17":{"start":{"line":35,"column":6},"end":{"line":35,"column":null}},"18":{"start":{"line":39,"column":2},"end":{"line":71,"column":null}},"19":{"start":{"line":40,"column":52},"end":{"line":40,"column":75}},"20":{"start":{"line":40,"column":65},"end":{"line":40,"column":75}},"21":{"start":{"line":55,"column":27},"end":{"line":55,"column":null}}},"fnMap":{"0":{"name":"CommitDialog","decl":{"start":{"line":13,"column":16},"end":{"line":13,"column":29}},"loc":{"start":{"line":13,"column":92},"end":{"line":73,"column":null}},"line":13},"1":{"name":"(anonymous_1)","decl":{"start":{"line":17,"column":12},"end":{"line":17,"column":18}},"loc":{"start":{"line":17,"column":18},"end":{"line":22,"column":5}},"line":17},"2":{"name":"(anonymous_2)","decl":{"start":{"line":20,"column":17},"end":{"line":20,"column":23}},"loc":{"start":{"line":20,"column":23},"end":{"line":20,"column":50}},"line":20},"3":{"name":"(anonymous_3)","decl":{"start":{"line":24,"column":23},"end":{"line":24,"column":29}},"loc":{"start":{"line":24,"column":29},"end":{"line":28,"column":null}},"line":24},"4":{"name":"(anonymous_4)","decl":{"start":{"line":30,"column":24},"end":{"line":30,"column":25}},"loc":{"start":{"line":30,"column":52},"end":{"line":37,"column":null}},"line":30},"5":{"name":"(anonymous_5)","decl":{"start":{"line":40,"column":38},"end":{"line":40,"column":39}},"loc":{"start":{"line":40,"column":50},"end":{"line":40,"column":null}},"line":40},"6":{"name":"(anonymous_6)","decl":{"start":{"line":55,"column":20},"end":{"line":55,"column":21}},"loc":{"start":{"line":55,"column":27},"end":{"line":55,"column":null}},"line":55}},"branchMap":{"0":{"loc":{"start":{"line":18,"column":4},"end":{"line":21,"column":null}},"type":"if","locations":[{"start":{"line":18,"column":4},"end":{"line":21,"column":null}},{"start":{},"end":{}}],"line":18},"1":{"loc":{"start":{"line":26,"column":4},"end":{"line":26,"column":null}},"type":"if","locations":[{"start":{"line":26,"column":4},"end":{"line":26,"column":null}},{"start":{},"end":{}}],"line":26},"2":{"loc":{"start":{"line":31,"column":4},"end":{"line":36,"column":null}},"type":"if","locations":[{"start":{"line":31,"column":4},"end":{"line":36,"column":null}},{"start":{"line":34,"column":4},"end":{"line":36,"column":null}}],"line":31},"3":{"loc":{"start":{"line":31,"column":8},"end":{"line":31,"column":55}},"type":"binary-expr","locations":[{"start":{"line":31,"column":8},"end":{"line":31,"column":30}},{"start":{"line":31,"column":30},"end":{"line":31,"column":43}},{"start":{"line":31,"column":43},"end":{"line":31,"column":55}}],"line":31},"4":{"loc":{"start":{"line":34,"column":4},"end":{"line":36,"column":null}},"type":"if","locations":[{"start":{"line":34,"column":4},"end":{"line":36,"column":null}},{"start":{},"end":{}}],"line":34},"5":{"loc":{"start":{"line":40,"column":52},"end":{"line":40,"column":75}},"type":"if","locations":[{"start":{"line":40,"column":52},"end":{"line":40,"column":75}},{"start":{},"end":{}}],"line":40},"6":{"loc":{"start":{"line":46,"column":35},"end":{"line":46,"column":66}},"type":"cond-expr","locations":[{"start":{"line":46,"column":57},"end":{"line":46,"column":63}},{"start":{"line":46,"column":63},"end":{"line":46,"column":66}}],"line":46}},"s":{"0":22,"1":22,"2":22,"3":7,"4":0,"5":0,"6":0,"7":22,"8":0,"9":0,"10":0,"11":0,"12":22,"13":0,"14":0,"15":0,"16":0,"17":0,"18":22,"19":0,"20":0,"21":0},"f":{"0":22,"1":7,"2":0,"3":0,"4":0,"5":0,"6":0},"b":{"0":[0,7],"1":[0,0],"2":[0,0],"3":[0,0,0],"4":[0,0],"5":[0,0],"6":[22,0]},"meta":{"lastBranch":7,"lastFunction":7,"lastStatement":22,"seen":{"f:13:16:13:29":0,"s:14:28:14:Infinity":0,"s:15:8:15:Infinity":1,"s:17:2:22:Infinity":2,"f:17:12:17:18":1,"b:18:4:21:Infinity:undefined:undefined:undefined:undefined":0,"s:18:4:21:Infinity":3,"s:19:6:19:Infinity":4,"s:20:6:20:Infinity":5,"f:20:17:20:23":2,"s:20:23:20:50":6,"s:24:23:28:Infinity":7,"f:24:23:24:29":3,"s:25:20:25:Infinity":8,"b:26:4:26:Infinity:undefined:undefined:undefined:undefined":1,"s:26:4:26:Infinity":9,"s:26:18:26:Infinity":10,"s:27:4:27:Infinity":11,"s:30:24:37:Infinity":12,"f:30:24:30:25":4,"b:31:4:36:Infinity:34:4:36:Infinity":2,"s:31:4:36:Infinity":13,"b:31:8:31:30:31:30:31:43:31:43:31:55":3,"s:32:6:32:Infinity":14,"s:33:6:33:Infinity":15,"b:34:4:36:Infinity:undefined:undefined:undefined:undefined":4,"s:34:4:36:Infinity":16,"s:35:6:35:Infinity":17,"s:39:2:71:Infinity":18,"f:40:38:40:39":5,"b:40:52:40:75:undefined:undefined:undefined:undefined":5,"s:40:52:40:75":19,"s:40:65:40:75":20,"b:46:57:46:63:46:63:46:66":6,"f:55:20:55:21":6,"s:55:27:55:Infinity":21}}}
,"/Users/luca/Workspace/laputa-app/src/components/CreateNoteDialog.tsx": {"path":"/Users/luca/Workspace/laputa-app/src/components/CreateNoteDialog.tsx","statementMap":{"0":{"start":{"line":7,"column":23},"end":{"line":16,"column":null}},"1":{"start":{"line":30,"column":24},"end":{"line":30,"column":null}},"2":{"start":{"line":31,"column":22},"end":{"line":31,"column":null}},"3":{"start":{"line":32,"column":8},"end":{"line":32,"column":null}},"4":{"start":{"line":34,"column":2},"end":{"line":40,"column":null}},"5":{"start":{"line":35,"column":4},"end":{"line":39,"column":null}},"6":{"start":{"line":36,"column":6},"end":{"line":36,"column":null}},"7":{"start":{"line":37,"column":6},"end":{"line":37,"column":null}},"8":{"start":{"line":38,"column":6},"end":{"line":38,"column":null}},"9":{"start":{"line":38,"column":23},"end":{"line":38,"column":50}},"10":{"start":{"line":42,"column":23},"end":{"line":48,"column":null}},"11":{"start":{"line":43,"column":4},"end":{"line":43,"column":null}},"12":{"start":{"line":44,"column":20},"end":{"line":44,"column":null}},"13":{"start":{"line":45,"column":4},"end":{"line":45,"column":null}},"14":{"start":{"line":45,"column":18},"end":{"line":45,"column":null}},"15":{"start":{"line":46,"column":4},"end":{"line":46,"column":null}},"16":{"start":{"line":47,"column":4},"end":{"line":47,"column":null}},"17":{"start":{"line":50,"column":2},"end":{"line":117,"column":null}},"18":{"start":{"line":51,"column":52},"end":{"line":51,"column":75}},"19":{"start":{"line":51,"column":65},"end":{"line":51,"column":75}},"20":{"start":{"line":65,"column":31},"end":{"line":65,"column":null}},"21":{"start":{"line":74,"column":16},"end":{"line":86,"column":null}},"22":{"start":{"line":83,"column":33},"end":{"line":83,"column":null}},"23":{"start":{"line":89,"column":16},"end":{"line":103,"column":null}},"24":{"start":{"line":100,"column":33},"end":{"line":100,"column":null}}},"fnMap":{"0":{"name":"CreateNoteDialog","decl":{"start":{"line":29,"column":16},"end":{"line":29,"column":33}},"loc":{"start":{"line":29,"column":116},"end":{"line":119,"column":null}},"line":29},"1":{"name":"(anonymous_1)","decl":{"start":{"line":34,"column":12},"end":{"line":34,"column":18}},"loc":{"start":{"line":34,"column":18},"end":{"line":40,"column":5}},"line":34},"2":{"name":"(anonymous_2)","decl":{"start":{"line":38,"column":17},"end":{"line":38,"column":23}},"loc":{"start":{"line":38,"column":23},"end":{"line":38,"column":50}},"line":38},"3":{"name":"(anonymous_3)","decl":{"start":{"line":42,"column":23},"end":{"line":42,"column":24}},"loc":{"start":{"line":42,"column":47},"end":{"line":48,"column":null}},"line":42},"4":{"name":"(anonymous_4)","decl":{"start":{"line":51,"column":38},"end":{"line":51,"column":39}},"loc":{"start":{"line":51,"column":50},"end":{"line":51,"column":null}},"line":51},"5":{"name":"(anonymous_5)","decl":{"start":{"line":65,"column":24},"end":{"line":65,"column":25}},"loc":{"start":{"line":65,"column":31},"end":{"line":65,"column":null}},"line":65},"6":{"name":"(anonymous_6)","decl":{"start":{"line":73,"column":34},"end":{"line":73,"column":35}},"loc":{"start":{"line":74,"column":16},"end":{"line":86,"column":null}},"line":74},"7":{"name":"(anonymous_7)","decl":{"start":{"line":83,"column":27},"end":{"line":83,"column":33}},"loc":{"start":{"line":83,"column":33},"end":{"line":83,"column":null}},"line":83},"8":{"name":"(anonymous_8)","decl":{"start":{"line":88,"column":31},"end":{"line":88,"column":32}},"loc":{"start":{"line":89,"column":16},"end":{"line":103,"column":null}},"line":89},"9":{"name":"(anonymous_9)","decl":{"start":{"line":100,"column":27},"end":{"line":100,"column":33}},"loc":{"start":{"line":100,"column":33},"end":{"line":100,"column":null}},"line":100}},"branchMap":{"0":{"loc":{"start":{"line":29,"column":73},"end":{"line":29,"column":90}},"type":"default-arg","locations":[{"start":{"line":29,"column":87},"end":{"line":29,"column":90}}],"line":29},"1":{"loc":{"start":{"line":35,"column":4},"end":{"line":39,"column":null}},"type":"if","locations":[{"start":{"line":35,"column":4},"end":{"line":39,"column":null}},{"start":{},"end":{}}],"line":35},"2":{"loc":{"start":{"line":37,"column":14},"end":{"line":37,"column":35}},"type":"binary-expr","locations":[{"start":{"line":37,"column":14},"end":{"line":37,"column":29}},{"start":{"line":37,"column":29},"end":{"line":37,"column":35}}],"line":37},"3":{"loc":{"start":{"line":45,"column":4},"end":{"line":45,"column":null}},"type":"if","locations":[{"start":{"line":45,"column":4},"end":{"line":45,"column":null}},{"start":{},"end":{}}],"line":45},"4":{"loc":{"start":{"line":51,"column":52},"end":{"line":51,"column":75}},"type":"if","locations":[{"start":{"line":51,"column":52},"end":{"line":51,"column":75}},{"start":{},"end":{}}],"line":51},"5":{"loc":{"start":{"line":77,"column":27},"end":{"line":77,"column":null}},"type":"cond-expr","locations":[{"start":{"line":77,"column":40},"end":{"line":77,"column":52}},{"start":{"line":77,"column":52},"end":{"line":77,"column":null}}],"line":77},"6":{"loc":{"start":{"line":81,"column":20},"end":{"line":81,"column":null}},"type":"binary-expr","locations":[{"start":{"line":81,"column":20},"end":{"line":81,"column":34}},{"start":{"line":81,"column":34},"end":{"line":81,"column":null}}],"line":81},"7":{"loc":{"start":{"line":92,"column":27},"end":{"line":92,"column":null}},"type":"cond-expr","locations":[{"start":{"line":92,"column":40},"end":{"line":92,"column":52}},{"start":{"line":92,"column":52},"end":{"line":92,"column":null}}],"line":92},"8":{"loc":{"start":{"line":96,"column":20},"end":{"line":98,"column":null}},"type":"cond-expr","locations":[{"start":{"line":97,"column":24},"end":{"line":97,"column":null}},{"start":{"line":98,"column":24},"end":{"line":98,"column":null}}],"line":96}},"s":{"0":1,"1":22,"2":22,"3":22,"4":22,"5":7,"6":0,"7":0,"8":0,"9":0,"10":22,"11":0,"12":0,"13":0,"14":0,"15":0,"16":0,"17":22,"18":0,"19":0,"20":0,"21":176,"22":0,"23":0,"24":0},"f":{"0":22,"1":7,"2":0,"3":0,"4":0,"5":0,"6":176,"7":0,"8":0,"9":0},"b":{"0":[22],"1":[0,7],"2":[0,0],"3":[0,0],"4":[0,0],"5":[22,154],"6":[176,22],"7":[0,0],"8":[0,0]},"meta":{"lastBranch":9,"lastFunction":10,"lastStatement":25,"seen":{"s:7:23:16:Infinity":0,"f:29:16:29:33":0,"b:29:87:29:90":0,"s:30:24:30:Infinity":1,"s:31:22:31:Infinity":2,"s:32:8:32:Infinity":3,"s:34:2:40:Infinity":4,"f:34:12:34:18":1,"b:35:4:39:Infinity:undefined:undefined:undefined:undefined":1,"s:35:4:39:Infinity":5,"s:36:6:36:Infinity":6,"s:37:6:37:Infinity":7,"b:37:14:37:29:37:29:37:35":2,"s:38:6:38:Infinity":8,"f:38:17:38:23":2,"s:38:23:38:50":9,"s:42:23:48:Infinity":10,"f:42:23:42:24":3,"s:43:4:43:Infinity":11,"s:44:20:44:Infinity":12,"b:45:4:45:Infinity:undefined:undefined:undefined:undefined":3,"s:45:4:45:Infinity":13,"s:45:18:45:Infinity":14,"s:46:4:46:Infinity":15,"s:47:4:47:Infinity":16,"s:50:2:117:Infinity":17,"f:51:38:51:39":4,"b:51:52:51:75:undefined:undefined:undefined:undefined":4,"s:51:52:51:75":18,"s:51:65:51:75":19,"f:65:24:65:25":5,"s:65:31:65:Infinity":20,"f:73:34:73:35":6,"s:74:16:86:Infinity":21,"b:77:40:77:52:77:52:77:Infinity":5,"b:81:20:81:34:81:34:81:Infinity":6,"f:83:27:83:33":7,"s:83:33:83:Infinity":22,"f:88:31:88:32":8,"s:89:16:103:Infinity":23,"b:92:40:92:52:92:52:92:Infinity":7,"b:97:24:97:Infinity:98:24:98:Infinity":8,"f:100:27:100:33":9,"s:100:33:100:Infinity":24}}}
,"/Users/luca/Workspace/laputa-app/src/components/CreateTypeDialog.tsx": {"path":"/Users/luca/Workspace/laputa-app/src/components/CreateTypeDialog.tsx","statementMap":{"0":{"start":{"line":13,"column":22},"end":{"line":13,"column":null}},"1":{"start":{"line":14,"column":8},"end":{"line":14,"column":null}},"2":{"start":{"line":16,"column":2},"end":{"line":21,"column":null}},"3":{"start":{"line":17,"column":4},"end":{"line":20,"column":null}},"4":{"start":{"line":18,"column":6},"end":{"line":18,"column":null}},"5":{"start":{"line":19,"column":6},"end":{"line":19,"column":null}},"6":{"start":{"line":19,"column":23},"end":{"line":19,"column":50}},"7":{"start":{"line":23,"column":23},"end":{"line":29,"column":null}},"8":{"start":{"line":24,"column":4},"end":{"line":24,"column":null}},"9":{"start":{"line":25,"column":20},"end":{"line":25,"column":null}},"10":{"start":{"line":26,"column":4},"end":{"line":26,"column":null}},"11":{"start":{"line":26,"column":18},"end":{"line":26,"column":null}},"12":{"start":{"line":27,"column":4},"end":{"line":27,"column":null}},"13":{"start":{"line":28,"column":4},"end":{"line":28,"column":null}},"14":{"start":{"line":31,"column":2},"end":{"line":62,"column":null}},"15":{"start":{"line":32,"column":52},"end":{"line":32,"column":75}},"16":{"start":{"line":32,"column":65},"end":{"line":32,"column":75}},"17":{"start":{"line":46,"column":31},"end":{"line":46,"column":null}}},"fnMap":{"0":{"name":"CreateTypeDialog","decl":{"start":{"line":12,"column":16},"end":{"line":12,"column":33}},"loc":{"start":{"line":12,"column":85},"end":{"line":64,"column":null}},"line":12},"1":{"name":"(anonymous_1)","decl":{"start":{"line":16,"column":12},"end":{"line":16,"column":18}},"loc":{"start":{"line":16,"column":18},"end":{"line":21,"column":5}},"line":16},"2":{"name":"(anonymous_2)","decl":{"start":{"line":19,"column":17},"end":{"line":19,"column":23}},"loc":{"start":{"line":19,"column":23},"end":{"line":19,"column":50}},"line":19},"3":{"name":"(anonymous_3)","decl":{"start":{"line":23,"column":23},"end":{"line":23,"column":24}},"loc":{"start":{"line":23,"column":47},"end":{"line":29,"column":null}},"line":23},"4":{"name":"(anonymous_4)","decl":{"start":{"line":32,"column":38},"end":{"line":32,"column":39}},"loc":{"start":{"line":32,"column":50},"end":{"line":32,"column":null}},"line":32},"5":{"name":"(anonymous_5)","decl":{"start":{"line":46,"column":24},"end":{"line":46,"column":25}},"loc":{"start":{"line":46,"column":31},"end":{"line":46,"column":null}},"line":46}},"branchMap":{"0":{"loc":{"start":{"line":17,"column":4},"end":{"line":20,"column":null}},"type":"if","locations":[{"start":{"line":17,"column":4},"end":{"line":20,"column":null}},{"start":{},"end":{}}],"line":17},"1":{"loc":{"start":{"line":26,"column":4},"end":{"line":26,"column":null}},"type":"if","locations":[{"start":{"line":26,"column":4},"end":{"line":26,"column":null}},{"start":{},"end":{}}],"line":26},"2":{"loc":{"start":{"line":32,"column":52},"end":{"line":32,"column":75}},"type":"if","locations":[{"start":{"line":32,"column":52},"end":{"line":32,"column":75}},{"start":{},"end":{}}],"line":32}},"s":{"0":38,"1":38,"2":38,"3":15,"4":7,"5":7,"6":7,"7":38,"8":3,"9":3,"10":3,"11":1,"12":2,"13":2,"14":38,"15":0,"16":0,"17":4},"f":{"0":38,"1":15,"2":7,"3":3,"4":0,"5":4},"b":{"0":[7,8],"1":[1,2],"2":[0,0]},"meta":{"lastBranch":3,"lastFunction":6,"lastStatement":18,"seen":{"f:12:16:12:33":0,"s:13:22:13:Infinity":0,"s:14:8:14:Infinity":1,"s:16:2:21:Infinity":2,"f:16:12:16:18":1,"b:17:4:20:Infinity:undefined:undefined:undefined:undefined":0,"s:17:4:20:Infinity":3,"s:18:6:18:Infinity":4,"s:19:6:19:Infinity":5,"f:19:17:19:23":2,"s:19:23:19:50":6,"s:23:23:29:Infinity":7,"f:23:23:23:24":3,"s:24:4:24:Infinity":8,"s:25:20:25:Infinity":9,"b:26:4:26:Infinity:undefined:undefined:undefined:undefined":1,"s:26:4:26:Infinity":10,"s:26:18:26:Infinity":11,"s:27:4:27:Infinity":12,"s:28:4:28:Infinity":13,"s:31:2:62:Infinity":14,"f:32:38:32:39":4,"b:32:52:32:75:undefined:undefined:undefined:undefined":2,"s:32:52:32:75":15,"s:32:65:32:75":16,"f:46:24:46:25":5,"s:46:31:46:Infinity":17}}}
,"/Users/luca/Workspace/laputa-app/src/components/DiffView.tsx": {"path":"/Users/luca/Workspace/laputa-app/src/components/DiffView.tsx","statementMap":{"0":{"start":{"line":8,"column":2},"end":{"line":14,"column":null}},"1":{"start":{"line":9,"column":4},"end":{"line":12,"column":null}},"2":{"start":{"line":16,"column":16},"end":{"line":16,"column":null}},"3":{"start":{"line":18,"column":2},"end":{"line":43,"column":null}},"4":{"start":{"line":21,"column":24},"end":{"line":21,"column":null}},"5":{"start":{"line":22,"column":8},"end":{"line":30,"column":null}},"6":{"start":{"line":23,"column":10},"end":{"line":23,"column":null}},"7":{"start":{"line":24,"column":8},"end":{"line":30,"column":null}},"8":{"start":{"line":25,"column":10},"end":{"line":25,"column":null}},"9":{"start":{"line":26,"column":8},"end":{"line":30,"column":null}},"10":{"start":{"line":27,"column":10},"end":{"line":27,"column":null}},"11":{"start":{"line":28,"column":8},"end":{"line":30,"column":null}},"12":{"start":{"line":29,"column":10},"end":{"line":29,"column":null}},"13":{"start":{"line":32,"column":8},"end":{"line":40,"column":null}}},"fnMap":{"0":{"name":"DiffView","decl":{"start":{"line":7,"column":16},"end":{"line":7,"column":25}},"loc":{"start":{"line":7,"column":50},"end":{"line":45,"column":null}},"line":7},"1":{"name":"(anonymous_1)","decl":{"start":{"line":20,"column":17},"end":{"line":20,"column":18}},"loc":{"start":{"line":20,"column":30},"end":{"line":42,"column":7}},"line":20}},"branchMap":{"0":{"loc":{"start":{"line":8,"column":2},"end":{"line":14,"column":null}},"type":"if","locations":[{"start":{"line":8,"column":2},"end":{"line":14,"column":null}},{"start":{},"end":{}}],"line":8},"1":{"loc":{"start":{"line":22,"column":8},"end":{"line":30,"column":null}},"type":"if","locations":[{"start":{"line":22,"column":8},"end":{"line":30,"column":null}},{"start":{"line":24,"column":8},"end":{"line":30,"column":null}}],"line":22},"2":{"loc":{"start":{"line":22,"column":12},"end":{"line":22,"column":61}},"type":"binary-expr","locations":[{"start":{"line":22,"column":12},"end":{"line":22,"column":36}},{"start":{"line":22,"column":36},"end":{"line":22,"column":61}}],"line":22},"3":{"loc":{"start":{"line":24,"column":8},"end":{"line":30,"column":null}},"type":"if","locations":[{"start":{"line":24,"column":8},"end":{"line":30,"column":null}},{"start":{"line":26,"column":8},"end":{"line":30,"column":null}}],"line":24},"4":{"loc":{"start":{"line":24,"column":19},"end":{"line":24,"column":68}},"type":"binary-expr","locations":[{"start":{"line":24,"column":19},"end":{"line":24,"column":43}},{"start":{"line":24,"column":43},"end":{"line":24,"column":68}}],"line":24},"5":{"loc":{"start":{"line":26,"column":8},"end":{"line":30,"column":null}},"type":"if","locations":[{"start":{"line":26,"column":8},"end":{"line":30,"column":null}},{"start":{"line":28,"column":8},"end":{"line":30,"column":null}}],"line":26},"6":{"loc":{"start":{"line":28,"column":8},"end":{"line":30,"column":null}},"type":"if","locations":[{"start":{"line":28,"column":8},"end":{"line":30,"column":null}},{"start":{},"end":{}}],"line":28},"7":{"loc":{"start":{"line":28,"column":19},"end":{"line":28,"column":155}},"type":"binary-expr","locations":[{"start":{"line":28,"column":19},"end":{"line":28,"column":46}},{"start":{"line":28,"column":46},"end":{"line":28,"column":74}},{"start":{"line":28,"column":74},"end":{"line":28,"column":100}},{"start":{"line":28,"column":100},"end":{"line":28,"column":126}},{"start":{"line":28,"column":126},"end":{"line":28,"column":155}}],"line":28},"8":{"loc":{"start":{"line":38,"column":15},"end":{"line":38,"column":null}},"type":"binary-expr","locations":[{"start":{"line":38,"column":15},"end":{"line":38,"column":23}},{"start":{"line":38,"column":23},"end":{"line":38,"column":null}}],"line":38}},"s":{"0":0,"1":0,"2":0,"3":0,"4":0,"5":0,"6":0,"7":0,"8":0,"9":0,"10":0,"11":0,"12":0,"13":0},"f":{"0":0,"1":0},"b":{"0":[0,0],"1":[0,0],"2":[0,0],"3":[0,0],"4":[0,0],"5":[0,0],"6":[0,0],"7":[0,0,0,0,0],"8":[0,0]},"meta":{"lastBranch":9,"lastFunction":2,"lastStatement":14,"seen":{"f:7:16:7:25":0,"b:8:2:14:Infinity:undefined:undefined:undefined:undefined":0,"s:8:2:14:Infinity":0,"s:9:4:12:Infinity":1,"s:16:16:16:Infinity":2,"s:18:2:43:Infinity":3,"f:20:17:20:18":1,"s:21:24:21:Infinity":4,"b:22:8:30:Infinity:24:8:30:Infinity":1,"s:22:8:30:Infinity":5,"b:22:12:22:36:22:36:22:61":2,"s:23:10:23:Infinity":6,"b:24:8:30:Infinity:26:8:30:Infinity":3,"s:24:8:30:Infinity":7,"b:24:19:24:43:24:43:24:68":4,"s:25:10:25:Infinity":8,"b:26:8:30:Infinity:28:8:30:Infinity":5,"s:26:8:30:Infinity":9,"s:27:10:27:Infinity":10,"b:28:8:30:Infinity:undefined:undefined:undefined:undefined":6,"s:28:8:30:Infinity":11,"b:28:19:28:46:28:46:28:74:28:74:28:100:28:100:28:126:28:126:28:155":7,"s:29:10:29:Infinity":12,"s:32:8:40:Infinity":13,"b:38:15:38:23:38:23:38:Infinity":8}}}
[...]
,"line":12},"2":{"loc":{"start":{"line":25,"column":4},"end":{"line":29,"column":null}},"type":"if","locations":[{"start":{"line":25,"column":4},"end":{"line":29,"column":null}},{"start":{},"end":{}}],"line":25},"3":{"loc":{"start":{"line":25,"column":8},"end":{"line":25,"column":33}},"type":"binary-expr","locations":[{"start":{"line":25,"column":8},"end":{"line":25,"column":21}},{"start":{"line":25,"column":21},"end":{"line":25,"column":33}}],"line":25},"4":{"loc":{"start":{"line":31,"column":4},"end":{"line":35,"column":null}},"type":"if","locations":[{"start":{"line":31,"column":4},"end":{"line":35,"column":null}},{"start":{},"end":{}}],"line":31},"5":{"loc":{"start":{"line":31,"column":8},"end":{"line":31,"column":30}},"type":"binary-expr","locations":[{"start":{"line":31,"column":8},"end":{"line":31,"column":18}},{"start":{"line":31,"column":18},"end":{"line":31,"column":30}}],"line":31},"6":{"loc":{"start":{"line":32,"column":27},"end":{"line":32,"column":null}},"type":"cond-expr","locations":[{"start":{"line":32,"column":54},"end":{"line":32,"column":71}},{"start":{"line":32,"column":71},"end":{"line":32,"column":null}}],"line":32},"7":{"loc":{"start":{"line":38,"column":4},"end":{"line":64,"column":null}},"type":"if","locations":[{"start":{"line":38,"column":4},"end":{"line":64,"column":null}},{"start":{},"end":{}}],"line":38},"8":{"loc":{"start":{"line":42,"column":6},"end":{"line":44,"column":null}},"type":"if","locations":[{"start":{"line":42,"column":6},"end":{"line":44,"column":null}},{"start":{},"end":{}}],"line":42},"9":{"loc":{"start":{"line":42,"column":10},"end":{"line":42,"column":58}},"type":"binary-expr","locations":[{"start":{"line":42,"column":10},"end":{"line":42,"column":26}},{"start":{"line":42,"column":26},"end":{"line":42,"column":43}},{"start":{"line":42,"column":43},"end":{"line":42,"column":58}}],"line":42},"10":{"loc":{"start":{"line":46,"column":6},"end":{"line":50,"column":null}},"type":"if","locations":[{"start":{"line":46,"column":6},"end":{"line":50,"column":null}},{"start":{},"end":{}}],"line":46},"11":{"loc":{"start":{"line":46,"column":10},"end":{"line":46,"column":56}},"type":"binary-expr","locations":[{"start":{"line":46,"column":10},"end":{"line":46,"column":35}},{"start":{"line":46,"column":35},"end":{"line":46,"column":56}}],"line":46},"12":{"loc":{"start":{"line":48,"column":29},"end":{"line":48,"column":null}},"type":"cond-expr","locations":[{"start":{"line":48,"column":50},"end":{"line":48,"column":61}},{"start":{"line":48,"column":61},"end":{"line":48,"column":null}}],"line":48},"13":{"loc":{"start":{"line":54,"column":6},"end":{"line":57,"column":null}},"type":"if","locations":[{"start":{"line":54,"column":6},"end":{"line":57,"column":null}},{"start":{},"end":{}}],"line":54},"14":{"loc":{"start":{"line":58,"column":6},"end":{"line":61,"column":null}},"type":"if","locations":[{"start":{"line":58,"column":6},"end":{"line":61,"column":null}},{"start":{},"end":{}}],"line":58},"15":{"loc":{"start":{"line":67,"column":2},"end":{"line":69,"column":null}},"type":"if","locations":[{"start":{"line":67,"column":2},"end":{"line":69,"column":null}},{"start":{},"end":{}}],"line":67},"16":{"loc":{"start":{"line":67,"column":6},"end":{"line":67,"column":28}},"type":"binary-expr","locations":[{"start":{"line":67,"column":6},"end":{"line":67,"column":16}},{"start":{"line":67,"column":16},"end":{"line":67,"column":28}}],"line":67},"17":{"loc":{"start":{"line":68,"column":25},"end":{"line":68,"column":null}},"type":"cond-expr","locations":[{"start":{"line":68,"column":52},"end":{"line":68,"column":69}},{"start":{"line":68,"column":69},"end":{"line":68,"column":null}}],"line":68}},"s":{"0":26,"1":10,"2":16,"3":16,"4":0,"5":16,"6":16,"7":16,"8":16,"9":16,"10":16,"11":16,"12":146,"13":146,"14":28,"15":28,"16":28,"17":118,"18":14,"19":14,"20":14,"21":118,"22":118,"23":118,"24":118,"25":118,"26":28,"27":90,"28":14,"29":42,"30":14,"31":14,"32":76,"33":76,"34":0,"35":0,"36":76,"37":0,"38":0,"39":76,"40":16,"41":14,"42":16},"f":{"0":26,"1":42},"b":{"0":[10,16],"1":[0,16],"2":[28,118],"3":[146,28],"4":[14,104],"5":[118,14],"6":[14,0],"7":[118,0],"8":[28,90],"9":[118,90,90],"10":[14,76],"11":[90,14],"12":[0,14],"13":[0,76],"14":[0,76],"15":[14,2],"16":[16,14],"17":[14,0]},"meta":{"lastBranch":18,"lastFunction":2,"lastStatement":43,"seen":{"f:8:16:8:33":0,"b:9:2:9:Infinity:undefined:undefined:undefined:undefined":0,"s:9:2:9:Infinity":0,"s:9:16:9:Infinity":1,"s:11:16:11:Infinity":2,"b:12:2:12:Infinity:undefined:undefined:undefined:undefined":1,"s:12:2:12:Infinity":3,"s:12:14:12:Infinity":4,"s:14:15:14:Infinity":5,"s:15:36:15:Infinity":6,"s:17:34:17:Infinity":7,"s:18:30:18:Infinity":8,"s:19:15:19:Infinity":9,"s:21:16:21:Infinity":10,"s:23:2:65:Infinity":11,"s:24:22:24:Infinity":12,"b:25:4:29:Infinity:undefined:undefined:undefined:undefined":2,"s:25:4:29:Infinity":13,"b:25:8:25:21:25:21:25:33":3,"s:26:6:26:Infinity":14,"s:27:6:27:Infinity":15,"s:28:6:28:Infinity":16,"b:31:4:35:Infinity:undefined:undefined:undefined:undefined":4,"s:31:4:35:Infinity":17,"b:31:8:31:18:31:18:31:30":5,"s:32:6:32:Infinity":18,"b:32:54:32:71:32:71:32:Infinity":6,"s:33:6:33:Infinity":19,"s:34:6:34:Infinity":20,"s:37:20:37:Infinity":21,"b:38:4:64:Infinity:undefined:undefined:undefined:undefined":7,"s:38:4:64:Infinity":22,"s:39:6:39:Infinity":23,"s:40:20:40:Infinity":24,"b:42:6:44:Infinity:undefined:undefined:undefined:undefined":8,"s:42:6:44:Infinity":25,"b:42:10:42:26:42:26:42:43:42:43:42:58":9,"s:43:8:43:Infinity":26,"b:46:6:50:Infinity:undefined:undefined:undefined:undefined":10,"s:46:6:50:Infinity":27,"b:46:10:46:35:46:35:46:56":11,"s:47:22:47:Infinity":28,"f:47:56:47:61":1,"s:47:61:47:97":29,"s:48:8:48:Infinity":30,"b:48:50:48:61:48:61:48:Infinity":12,"s:49:8:49:Infinity":31,"s:52:23:52:Infinity":32,"b:54:6:57:Infinity:undefined:undefined:undefined:undefined":13,"s:54:6:57:Infinity":33,"s:55:8:55:Infinity":34,"s:56:8:56:Infinity":35,"b:58:6:61:Infinity:undefined:undefined:undefined:undefined":14,"s:58:6:61:Infinity":36,"s:59:8:59:Infinity":37,"s:60:8:60:Infinity":38,"s:63:6:63:Infinity":39,"b:67:2:69:Infinity:undefined:undefined:undefined:undefined":15,"s:67:2:69:Infinity":40,"b:67:6:67:16:67:16:67:28":16,"s:68:4:68:Infinity":41,"b:68:52:68:69:68:69:68:Infinity":17,"s:71:2:71:Infinity":42}}}
,"/Users/luca/Workspace/laputa-app/src/utils/typeColors.ts": {"path":"/Users/luca/Workspace/laputa-app/src/utils/typeColors.ts","statementMap":{"0":{"start":{"line":6,"column":47},"end":{"line":15,"column":null}},"1":{"start":{"line":17,"column":53},"end":{"line":26,"column":null}},"2":{"start":{"line":28,"column":22},"end":{"line":28,"column":null}},"3":{"start":{"line":29,"column":28},"end":{"line":29,"column":null}},"4":{"start":{"line":32,"column":94},"end":{"line":39,"column":null}},"5":{"start":{"line":41,"column":49},"end":{"line":43,"column":null}},"6":{"start":{"line":42,"column":27},"end":{"line":42,"column":41}},"7":{"start":{"line":44,"column":55},"end":{"line":46,"column":null}},"8":{"start":{"line":45,"column":27},"end":{"line":45,"column":46}},"9":{"start":{"line":50,"column":2},"end":{"line":50,"column":null}},"10":{"start":{"line":50,"column":58},"end":{"line":50,"column":null}},"11":{"start":{"line":51,"column":2},"end":{"line":51,"column":null}},"12":{"start":{"line":56,"column":2},"end":{"line":56,"column":null}},"13":{"start":{"line":56,"column":64},"end":{"line":56,"column":null}},"14":{"start":{"line":57,"column":2},"end":{"line":57,"column":null}}},"fnMap":{"0":{"name":"(anonymous_0)","decl":{"start":{"line":42,"column":20},"end":{"line":42,"column":21}},"loc":{"start":{"line":42,"column":27},"end":{"line":42,"column":41}},"line":42},"1":{"name":"(anonymous_1)","decl":{"start":{"line":45,"column":20},"end":{"line":45,"column":21}},"loc":{"start":{"line":45,"column":27},"end":{"line":45,"column":46}},"line":45},"2":{"name":"getTypeColor","decl":{"start":{"line":49,"column":16},"end":{"line":49,"column":29}},"loc":{"start":{"line":49,"column":89},"end":{"line":52,"column":null}},"line":49},"3":{"name":"getTypeLightColor","decl":{"start":{"line":55,"column":16},"end":{"line":55,"column":34}},"loc":{"start":{"line":55,"column":94},"end":{"line":58,"column":null}},"line":55}},"branchMap":{"0":{"loc":{"start":{"line":50,"column":2},"end":{"line":50,"column":null}},"type":"if","locations":[{"start":{"line":50,"column":2},"end":{"line":50,"column":null}},{"start":{},"end":{}}],"line":50},"1":{"loc":{"start":{"line":50,"column":6},"end":{"line":50,"column":58}},"type":"binary-expr","locations":[{"start":{"line":50,"column":6},"end":{"line":50,"column":24}},{"start":{"line":50,"column":24},"end":{"line":50,"column":58}}],"line":50},"2":{"loc":{"start":{"line":51,"column":2},"end":{"line":51,"column":null}},"type":"binary-expr","locations":[{"start":{"line":51,"column":10},"end":{"line":51,"column":17}},{"start":{"line":51,"column":17},"end":{"line":51,"column":41}},{"start":{"line":51,"column":41},"end":{"line":51,"column":null}}],"line":51},"3":{"loc":{"start":{"line":56,"column":2},"end":{"line":56,"column":null}},"type":"if","locations":[{"start":{"line":56,"column":2},"end":{"line":56,"column":null}},{"start":{},"end":{}}],"line":56},"4":{"loc":{"start":{"line":56,"column":6},"end":{"line":56,"column":64}},"type":"binary-expr","locations":[{"start":{"line":56,"column":6},"end":{"line":56,"column":24}},{"start":{"line":56,"column":24},"end":{"line":56,"column":64}}],"line":56},"5":{"loc":{"start":{"line":57,"column":2},"end":{"line":57,"column":null}},"type":"binary-expr","locations":[{"start":{"line":57,"column":10},"end":{"line":57,"column":17}},{"start":{"line":57,"column":17},"end":{"line":57,"column":47}},{"start":{"line":57,"column":47},"end":{"line":57,"column":null}}],"line":57}},"s":{"0":5,"1":5,"2":5,"3":5,"4":5,"5":5,"6":30,"7":5,"8":30,"9":832,"10":0,"11":832,"12":758,"13":0,"14":758},"f":{"0":30,"1":30,"2":832,"3":758},"b":{"0":[0,832],"1":[832,0],"2":[832,832,49],"3":[0,758],"4":[758,0],"5":[758,758,47]},"meta":{"lastBranch":6,"lastFunction":4,"lastStatement":15,"seen":{"s:6:47:15:Infinity":0,"s:17:53:26:Infinity":1,"s:28:22:28:Infinity":2,"s:29:28:29:Infinity":3,"s:32:94:39:Infinity":4,"s:41:49:43:Infinity":5,"f:42:20:42:21":0,"s:42:27:42:41":6,"s:44:55:46:Infinity":7,"f:45:20:45:21":1,"s:45:27:45:46":8,"f:49:16:49:29":2,"b:50:2:50:Infinity:undefined:undefined:undefined:undefined":0,"s:50:2:50:Infinity":9,"b:50:6:50:24:50:24:50:58":1,"s:50:58:50:Infinity":10,"s:51:2:51:Infinity":11,"b:51:10:51:17:51:17:51:41:51:41:51:Infinity":2,"f:55:16:55:34":3,"b:56:2:56:Infinity:undefined:undefined:undefined:undefined":3,"s:56:2:56:Infinity":12,"b:56:6:56:24:56:24:56:64":4,"s:56:64:56:Infinity":13,"s:57:2:57:Infinity":14,"b:57:10:57:17:57:17:57:47:57:47:57:Infinity":5}}}
,"/Users/luca/Workspace/laputa-app/src/utils/wikilinks.ts": {"path":"/Users/luca/Workspace/laputa-app/src/utils/wikilinks.ts","statementMap":{"0":{"start":{"line":2,"column":17},"end":{"line":2,"column":null}},"1":{"start":{"line":3,"column":15},"end":{"line":3,"column":null}},"2":{"start":{"line":4,"column":14},"end":{"line":4,"column":null}},"3":{"start":{"line":8,"column":2},"end":{"line":8,"column":null}},"4":{"start":{"line":8,"column":57},"end":{"line":8,"column":88}},"5":{"start":{"line":13,"column":2},"end":{"line":21,"column":null}},"6":{"start":{"line":14,"column":4},"end":{"line":16,"column":null}},"7":{"start":{"line":15,"column":6},"end":{"line":15,"column":null}},"8":{"start":{"line":17,"column":4},"end":{"line":19,"column":null}},"9":{"start":{"line":18,"column":6},"end":{"line":18,"column":null}},"10":{"start":{"line":20,"column":4},"end":{"line":20,"column":null}},"11":{"start":{"line":25,"column":24},"end":{"line":25,"column":null}},"12":{"start":{"line":26,"column":2},"end":{"line":49,"column":null}},"13":{"start":{"line":27,"column":4},"end":{"line":30,"column":null}},"14":{"start":{"line":28,"column":6},"end":{"line":28,"column":null}},"15":{"start":{"line":29,"column":6},"end":{"line":29,"column":null}},"16":{"start":{"line":31,"column":17},"end":{"line":31,"column":null}},"17":{"start":{"line":32,"column":20},"end":{"line":32,"column":null}},"18":{"start":{"line":33,"column":4},"end":{"line":33,"column":null}},"19":{"start":{"line":35,"column":4},"end":{"line":45,"column":null}},"20":{"start":{"line":36,"column":6},"end":{"line":38,"column":null}},"21":{"start":{"line":37,"column":8},"end":{"line":37,"column":null}},"22":{"start":{"line":39,"column":6},"end":{"line":43,"column":null}},"23":{"start":{"line":44,"column":6},"end":{"line":44,"column":null}},"24":{"start":{"line":46,"column":4},"end":{"line":48,"column":null}},"25":{"start":{"line":47,"column":6},"end":{"line":47,"column":null}},"26":{"start":{"line":50,"column":2},"end":{"line":50,"column":null}},"27":{"start":{"line":55,"column":2},"end":{"line":55,"column":null}},"28":{"start":{"line":55,"column":34},"end":{"line":55,"column":null}},"29":{"start":{"line":56,"column":14},"end":{"line":56,"column":null}},"30":{"start":{"line":57,"column":2},"end":{"line":57,"column":null}},"31":{"start":{"line":57,"column":18},"end":{"line":57,"column":null}},"32":{"start":{"line":58,"column":11},"end":{"line":58,"column":null}},"33":{"start":{"line":59,"column":2},"end":{"line":59,"column":null}},"34":{"start":{"line":59,"column":28},"end":{"line":59,"column":null}},"35":{"start":{"line":60,"column":2},"end":{"line":60,"column":null}},"36":{"start":{"line":64,"column":19},"end":{"line":64,"column":null}},"37":{"start":{"line":65,"column":15},"end":{"line":65,"column":null}},"38":{"start":{"line":66,"column":2},"end":{"line":66,"column":null}},"39":{"start":{"line":66,"column":13},"end":{"line":66,"column":null}},"40":{"start":{"line":67,"column":2},"end":{"line":67,"column":null}}},"fnMap":{"0":{"name":"preProcessWikilinks","decl":{"start":{"line":7,"column":16},"end":{"line":7,"column":36}},"loc":{"start":{"line":7,"column":56},"end":{"line":9,"column":null}},"line":7},"1":{"name":"(anonymous_1)","decl":{"start":{"line":8,"column":41},"end":{"line":8,"column":42}},"loc":{"start":{"line":8,"column":57},"end":{"line":8,"column":88}},"line":8},"2":{"name":"injectWikilinks","decl":{"start":{"line":12,"column":16},"end":{"line":12,"column":32}},"loc":{"start":{"line":12,"column":54},"end":{"line":22,"column":null}},"line":12},"3":{"name":"(anonymous_3)","decl":{"start":{"line":13,"column":20},"end":{"line":13,"column":29}},"loc":{"start":{"line":13,"column":29},"end":{"line":21,"column":3}},"line":13},"4":{"name":"expandWikilinksInContent","decl":{"start":{"line":24,"column":9},"end":{"line":24,"column":34}},"loc":{"start":{"line":24,"column":57},"end":{"line":51,"column":null}},"line":24},"5":{"name":"splitFrontmatter","decl":{"start":{"line":54,"column":16},"end":{"line":54,"column":33}},"loc":{"start":{"line":54,"column":68},"end":{"line":61,"column":null}},"line":54},"6":{"name":"countWords","decl":{"start":{"line":63,"column":16},"end":{"line":63,"column":27}},"loc":{"start":{"line":63,"column":52},"end":{"line":68,"column":null}},"line":63}},"branchMap":{"0":{"loc":{"start":{"line":14,"column":4},"end":{"line":16,"column":null}},"type":"if","locations":[{"start":{"line":14,"column":4},"end":{"line":16,"column":null}},{"start":{},"end":{}}],"line":14},"1":{"loc":{"start":{"line":14,"column":8},"end":{"line":14,"column":55}},"type":"binary-expr","locations":[{"start":{"line":14,"column":8},"end":{"line":14,"column":25}},{"start":{"line":14,"column":25},"end":{"line":14,"column":55}}],"line":14},"2":{"loc":{"start":{"line":17,"column":4},"end":{"line":19,"column":null}},"type":"if","locations":[{"start":{"line":17,"column":4},"end":{"line":19,"column":null}},{"start":{},"end":{}}],"line":17},"3":{"loc":{"start":{"line":17,"column":8},"end":{"line":17,"column":57}},"type":"binary-expr","locations":[{"start":{"line":17,"column":8},"end":{"line":17,"column":26}},{"start":{"line":17,"column":26},"end":{"line":17,"column":57}}],"line":17},"4":{"loc":{"start":{"line":27,"column":4},"end":{"line":30,"column":null}},"type":"if","locations":[{"start":{"line":27,"column":4},"end":{"line":30,"column":null}},{"start":{},"end":{}}],"line":27},"5":{"loc":{"start":{"line":27,"column":8},"end":{"line":27,"column":96}},"type":"binary-expr","locations":[{"start":{"line":27,"column":8},"end":{"line":27,"column":32}},{"start":{"line":27,"column":32},"end":{"line":27,"column":65}},{"start":{"line":27,"column":65},"end":{"line":27,"column":96}}],"line":27},"6":{"loc":{"start":{"line":36,"column":6},"end":{"line":38,"column":null}},"type":"if","locations":[{"start":{"line":36,"column":6},"end":{"line":38,"column":null}},{"start":{},"end":{}}],"line":36},"7":{"loc":{"start":{"line":46,"column":4},"end":{"line":48,"column":null}},"type":"if","locations":[{"start":{"line":46,"column":4},"end":{"line":48,"column":null}},{"start":{},"end":{}}],"line":46},"8":{"loc":{"start":{"line":55,"column":2},"end":{"line":55,"column":null}},"type":"if","locations":[{"start":{"line":55,"column":2},"end":{"line":55,"column":null}},{"start":{},"end":{}}],"line":55},"9":{"loc":{"start":{"line":57,"column":2},"end":{"line":57,"column":null}},"type":"if","locations":[{"start":{"line":57,"column":2},"end":{"line":57,"column":null}},{"start":{},"end":{}}],"line":57},"10":{"loc":{"start":{"line":59,"column":2},"end":{"line":59,"column":null}},"type":"if","locations":[{"start":{"line":59,"column":2},"end":{"line":59,"column":null}},{"start":{},"end":{}}],"line":59},"11":{"loc":{"start":{"line":66,"column":2},"end":{"line":66,"column":null}},"type":"if","locations":[{"start":{"line":66,"column":2},"end":{"line":66,"column":null}},{"start":{},"end":{}}],"line":66}},"s":{"0":2,"1":2,"2":2,"3":8,"4":0,"5":9,"6":1,"7":1,"8":1,"9":1,"10":1,"11":1,"12":1,"13":1,"14":1,"15":1,"16":0,"17":0,"18":0,"19":0,"20":0,"21":0,"22":0,"23":0,"24":0,"25":0,"26":1,"27":16,"28":0,"29":16,"30":16,"31":0,"32":16,"33":16,"34":16,"35":16,"36":8,"37":8,"38":8,"39":0,"40":8},"f":{"0":8,"1":0,"2":9,"3":1,"4":1,"5":16,"6":8},"b":{"0":[1,0],"1":[1,1],"2":[1,0],"3":[1,1],"4":[1,0],"5":[1,1,1],"6":[0,0],"7":[0,0],"8":[0,16],"9":[0,16],"10":[16,0],"11":[0,8]},"meta":{"lastBranch":12,"lastFunction":7,"lastStatement":41,"seen":{"s:2:17:2:Infinity":0,"s:3:15:3:Infinity":1,"s:4:14:4:Infinity":2,"f:7:16:7:36":0,"s:8:2:8:Infinity":3,"f:8:41:8:42":1,"s:8:57:8:88":4,"f:12:16:12:32":2,"s:13:2:21:Infinity":5,"f:13:20:13:29":3,"b:14:4:16:Infinity:undefined:undefined:undefined:undefined":0,"s:14:4:16:Infinity":6,"b:14:8:14:25:14:25:14:55":1,"s:15:6:15:Infinity":7,"b:17:4:19:Infinity:undefined:undefined:undefined:undefined":2,"s:17:4:19:Infinity":8,"b:17:8:17:26:17:26:17:57":3,"s:18:6:18:Infinity":9,"s:20:4:20:Infinity":10,"f:24:9:24:34":4,"s:25:24:25:Infinity":11,"s:26:2:49:Infinity":12,"b:27:4:30:Infinity:undefined:undefined:undefined:undefined":4,"s:27:4:30:Infinity":13,"b:27:8:27:32:27:32:27:65:27:65:27:96":5,"s:28:6:28:Infinity":14,"s:29:6:29:Infinity":15,"s:31:17:31:Infinity":16,"s:32:20:32:Infinity":17,"s:33:4:33:Infinity":18,"s:35:4:45:Infinity":19,"b:36:6:38:Infinity:undefined:undefined:undefined:undefined":6,"s:36:6:38:Infinity":20,"s:37:8:37:Infinity":21,"s:39:6:43:Infinity":22,"s:44:6:44:Infinity":23,"b:46:4:48:Infinity:undefined:undefined:undefined:undefined":7,"s:46:4:48:Infinity":24,"s:47:6:47:Infinity":25,"s:50:2:50:Infinity":26,"f:54:16:54:33":5,"b:55:2:55:Infinity:undefined:undefined:undefined:undefined":8,"s:55:2:55:Infinity":27,"s:55:34:55:Infinity":28,"s:56:14:56:Infinity":29,"b:57:2:57:Infinity:undefined:undefined:undefined:undefined":9,"s:57:2:57:Infinity":30,"s:57:18:57:Infinity":31,"s:58:11:58:Infinity":32,"b:59:2:59:Infinity:undefined:undefined:undefined:undefined":10,"s:59:2:59:Infinity":33,"s:59:28:59:Infinity":34,"s:60:2:60:Infinity":35,"f:63:16:63:27":6,"s:64:19:64:Infinity":36,"s:65:15:65:Infinity":37,"b:66:2:66:Infinity:undefined:undefined:undefined:undefined":11,"s:66:2:66:Infinity":38,"s:66:13:66:Infinity":39,"s:67:2:67:Infinity":40}}}
}
